TN:
SF:/home/runner/work/covesa-dlt-daemon/covesa-dlt-daemon/src/console/dlt-control-common.c
FN:102,105,get_verbosity
FN:107,110,set_verbosity
FN:112,115,get_ecuid
FN:117,142,set_ecuid
FN:144,154,set_conf
FN:156,159,get_timeout
FN:161,170,set_timeout
FN:172,175,set_send_serial_header
FN:177,180,set_resync_serial_header
FN:182,252,dlt_parse_config_param
FN:263,299,prepare_extra_headers
FN:310,355,prepare_headers
FN:366,420,dlt_control_prepare_message
FN:433,464,dlt_control_init_connection
FN:475,480,dlt_control_listen_to_daemon
FN:499,534,dlt_control_callback
FN:549,605,dlt_control_send_message
FN:618,647,dlt_control_init
FN:655,679,dlt_control_deinit
FNDA:18,get_verbosity
FNDA:0,set_verbosity
FNDA:4,get_ecuid
FNDA:2,set_ecuid
FNDA:2,set_conf
FNDA:2,get_timeout
FNDA:2,set_timeout
FNDA:2,set_send_serial_header
FNDA:2,set_resync_serial_header
FNDA:2,dlt_parse_config_param
FNDA:2,prepare_extra_headers
FNDA:2,prepare_headers
FNDA:2,dlt_control_prepare_message
FNDA:2,dlt_control_init_connection
FNDA:2,dlt_control_listen_to_daemon
FNDA:2,dlt_control_callback
FNDA:2,dlt_control_send_message
FNDA:2,dlt_control_init
FNDA:2,dlt_control_deinit
FNF:19
FNH:18
DA:102,18
DA:104,46
DA:107,0
DA:109,2
DA:110,0
DA:112,4
DA:114,4
DA:117,2
DA:119,2
DA:121,2
DA:123,0
DA:124,0
DA:126,0
DA:127,0
DA:129,0
DA:132,0
DA:139,0
DA:142,2
DA:144,2
DA:146,2
DA:149,2
DA:152,0
DA:154,2
DA:156,2
DA:158,2
DA:161,2
DA:163,2
DA:165,2
DA:166,2
DA:168,0
DA:170,2
DA:172,2
DA:174,2
DA:175,2
DA:177,2
DA:179,2
DA:180,2
DA:182,2
DA:186,2
DA:187,2
DA:188,2
DA:192,2
DA:193,0
DA:196,2
DA:201,2
DA:203,2
DA:206,14
DA:207,12
DA:208,2
DA:209,2
DA:210,2
DA:212,4
DA:213,4
DA:220,2
DA:223,2
DA:226,2
DA:227,2
DA:228,2
DA:229,2
DA:242,2
DA:245,0
DA:248,2
DA:249,0
DA:263,2
DA:267,2
DA:269,2
DA:272,2
DA:274,2
DA:277,2
DA:279,2
DA:282,2
DA:283,0
DA:284,0
DA:288,2
DA:290,2
DA:292,2
DA:295,2
DA:296,2
DA:298,2
DA:310,2
DA:314,2
DA:316,2
DA:319,2
DA:321,2
DA:322,0
DA:323,0
DA:327,2
DA:328,2
DA:330,2
DA:337,2
DA:340,2
DA:345,2
DA:347,2
DA:348,0
DA:349,0
DA:352,2
DA:354,2
DA:366,2
DA:370,2
DA:372,2
DA:373,0
DA:374,0
DA:377,2
DA:379,2
DA:380,0
DA:381,0
DA:384,2
DA:385,0
DA:386,0
DA:387,0
DA:391,2
DA:394,2
DA:396,2
DA:397,0
DA:398,0
DA:399,0
DA:403,2
DA:406,2
DA:407,0
DA:408,0
DA:409,0
DA:413,2
DA:414,0
DA:415,0
DA:416,0
DA:433,2
DA:435,2
DA:437,2
DA:438,0
DA:439,0
DA:442,2
DA:444,2
DA:445,0
DA:446,0
DA:449,2
DA:451,2
DA:453,2
DA:455,0
DA:456,0
DA:457,0
DA:461,2
DA:463,2
DA:475,2
DA:477,2
DA:478,2
DA:479,2
DA:499,2
DA:501,2
DA:504,2
DA:505,0
DA:506,0
DA:510,2
DA:511,2
DA:513,0
DA:515,2
DA:518,2
DA:526,2
DA:527,4
DA:528,2
DA:529,2
DA:530,2
DA:531,2
DA:533,2
DA:549,2
DA:554,2
DA:555,0
DA:556,0
DA:559,2
DA:560,0
DA:561,0
DA:564,2
DA:567,2
DA:569,2
DA:570,0
DA:571,0
DA:574,2
DA:577,2
DA:579,2
DA:581,0
DA:582,0
DA:583,0
DA:586,0
DA:587,0
DA:594,2
DA:595,2
DA:598,2
DA:599,2
DA:604,2
DA:618,2
DA:622,2
DA:623,0
DA:624,0
DA:627,2
DA:628,2
DA:631,2
DA:632,0
DA:633,0
DA:634,0
DA:638,2
DA:642,0
DA:643,0
DA:655,2
DA:661,2
DA:662,2
DA:663,2
DA:664,2
DA:668,2
DA:669,0
DA:672,2
DA:673,0
DA:678,2
LF:211
LH:145
end_of_record
TN:
SF:/home/runner/work/covesa-dlt-daemon/covesa-dlt-daemon/src/console/dlt-convert.c
FN:100,127,usage
FN:129,177,empty_dir
FN:182,534,main
FNDA:0,usage
FNDA:0,empty_dir
FNDA:35,main
FNF:3
FNH:1
DA:100,0
DA:104,0
DA:127,0
DA:129,0
DA:131,0
DA:134,0
DA:137,0
DA:138,0
DA:139,0
DA:142,0
DA:143,0
DA:144,0
DA:147,0
DA:148,0
DA:149,0
DA:150,0
DA:153,0
DA:155,0
DA:157,0
DA:158,0
DA:159,0
DA:161,0
DA:162,0
DA:163,0
DA:164,0
DA:165,0
DA:167,0
DA:173,0
DA:176,0
DA:182,35
DA:207,35
DA:210,35
DA:213,35
DA:221,35
DA:223,70
DA:224,35
DA:231,0
DA:234,0
DA:236,35
DA:239,35
DA:241,0
DA:244,0
DA:246,0
DA:249,0
DA:251,0
DA:254,0
DA:256,0
DA:259,0
DA:261,0
DA:264,0
DA:266,0
DA:268,0
DA:269,0
DA:271,0
DA:273,0
DA:274,0
DA:276,0
DA:278,0
DA:279,0
DA:281,0
DA:283,0
DA:284,0
DA:286,0
DA:288,0
DA:289,0
DA:291,0
DA:293,0
DA:294,0
DA:295,0
DA:296,0
DA:298,0
DA:301,0
DA:302,0
DA:312,35
DA:315,35
DA:316,0
DA:317,0
DA:318,0
DA:321,0
DA:324,35
DA:327,0
DA:328,0
DA:329,0
DA:330,0
DA:334,35
DA:336,0
DA:337,0
DA:338,0
DA:339,0
DA:340,0
DA:342,0
DA:346,0
DA:347,0
DA:349,0
DA:352,0
DA:356,0
DA:357,0
DA:358,0
DA:359,0
DA:360,0
DA:363,0
DA:364,0
DA:365,0
DA:366,0
DA:371,0
DA:372,0
DA:373,0
DA:374,0
DA:375,0
DA:377,0
DA:381,0
DA:384,70
DA:385,35
DA:388,0
DA:390,0
DA:394,35
DA:395,739
DA:399,35
DA:400,35
DA:405,35
DA:408,35
DA:410,35
DA:411,0
DA:412,0
DA:413,0
DA:415,0
DA:418,35
DA:419,0
DA:420,0
DA:421,0
DA:423,0
DA:426,739
DA:427,704
DA:428,0
DA:430,704
DA:432,0
DA:433,0
DA:435,704
DA:438,704
DA:439,0
DA:443,704
DA:444,0
DA:448,0
DA:450,0
DA:451,0
DA:453,0
DA:456,0
DA:457,0
DA:463,704
DA:464,0
DA:465,0
DA:466,0
DA:467,0
DA:469,0
DA:471,0
DA:473,0
DA:474,0
DA:475,0
DA:480,704
DA:482,0
DA:485,0
DA:488,0
DA:489,0
DA:490,0
DA:502,35
DA:503,0
DA:505,0
DA:506,0
DA:510,35
DA:511,0
DA:513,35
DA:514,0
DA:515,0
DA:516,0
DA:517,0
DA:518,0
DA:520,0
DA:522,0
DA:524,35
DA:526,0
DA:527,0
DA:528,0
DA:531,35
DA:533,35
LF:184
LH:37
end_of_record
TN:
SF:/home/runner/work/covesa-dlt-daemon/covesa-dlt-daemon/src/console/dlt-receive.c
FN:148,181,usage
FN:184,232,convert_arg_to_byte_size
FN:238,309,dlt_receive_open_output_file
FN:312,318,dlt_receive_close_output_file
FN:324,658,main
FN:660,743,dlt_receive_message_callback
FN:95,111,signal_handler
FNDA:0,usage
FNDA:0,convert_arg_to_byte_size
FNDA:0,dlt_receive_open_output_file
FNDA:0,dlt_receive_close_output_file
FNDA:1,main
FNDA:206,dlt_receive_message_callback
FNDA:1,signal_handler
FNF:7
FNH:3
DA:95,1
DA:97,1
DA:98,1
DA:103,1
DA:104,1
DA:105,1
DA:111,1
DA:148,0
DA:152,0
DA:181,0
DA:184,0
DA:191,0
DA:192,0
DA:198,0
DA:204,0
DA:210,0
DA:214,0
DA:223,0
DA:224,0
DA:238,0
DA:243,0
DA:248,0
DA:249,0
DA:251,0
DA:253,0
DA:254,0
DA:264,0
DA:272,0
DA:276,0
DA:278,0
DA:279,0
DA:283,0
DA:285,0
DA:290,0
DA:292,0
DA:295,0
DA:296,0
DA:297,0
DA:298,0
DA:299,0
DA:301,0
DA:305,0
DA:307,0
DA:308,0
DA:312,0
DA:314,0
DA:315,0
DA:316,0
DA:318,0
DA:324,1
DA:332,1
DA:333,1
DA:334,1
DA:335,1
DA:342,1
DA:343,1
DA:344,1
DA:345,1
DA:346,1
DA:347,1
DA:350,1
DA:352,2
DA:353,1
DA:354,0
DA:356,0
DA:357,0
DA:359,0
DA:361,0
DA:362,0
DA:364,0
DA:366,0
DA:367,0
DA:369,0
DA:371,0
DA:372,0
DA:374,0
DA:376,0
DA:377,0
DA:379,0
DA:381,0
DA:382,0
DA:384,0
DA:386,0
DA:387,0
DA:389,0
DA:391,0
DA:392,0
DA:394,0
DA:396,0
DA:397,0
DA:399,0
DA:401,0
DA:402,0
DA:404,0
DA:406,0
DA:407,0
DA:409,0
DA:411,0
DA:412,0
DA:414,0
DA:420,0
DA:422,0
DA:425,0
DA:426,0
DA:427,0
DA:428,0
DA:430,1
DA:432,1
DA:433,1
DA:435,1
DA:438,1
DA:440,1
DA:441,0
DA:442,0
DA:445,1
DA:446,1
DA:449,0
DA:451,0
DA:452,0
DA:454,0
DA:456,0
DA:457,0
DA:459,0
DA:461,0
DA:462,0
DA:465,0
DA:467,0
DA:469,0
DA:470,0
DA:472,0
DA:473,0
DA:478,0
DA:480,0
DA:481,0
DA:482,0
DA:483,0
DA:485,0
DA:488,0
DA:489,0
DA:491,0
DA:493,0
DA:499,1
DA:502,1
DA:505,1
DA:506,0
DA:509,1
DA:512,1
DA:513,1
DA:516,2
DA:517,1
DA:518,1
DA:519,0
DA:522,1
DA:523,1
DA:524,1
DA:526,1
DA:528,0
DA:531,1
DA:532,1
DA:534,1
DA:535,0
DA:536,0
DA:540,1
DA:542,0
DA:543,0
DA:544,0
DA:545,0
DA:548,1
DA:549,0
DA:550,0
DA:551,0
DA:556,0
DA:557,0
DA:558,0
DA:559,0
DA:562,0
DA:564,0
DA:565,0
DA:566,0
DA:569,0
DA:573,1
DA:574,1
DA:577,1
DA:580,1
DA:582,1
DA:583,0
DA:584,0
DA:585,0
DA:588,0
DA:605,1
DA:606,1
DA:607,0
DA:609,0
DA:612,1
DA:615,1
DA:616,0
DA:617,0
DA:618,0
DA:622,1
DA:623,0
DA:625,1
DA:629,1
DA:632,1
DA:634,1
DA:635,0
DA:636,0
DA:639,1
DA:640,1
DA:648,1
DA:649,1
DA:651,1
DA:653,1
DA:655,1
DA:657,1
DA:660,206
DA:668,206
DA:674,206
DA:675,206
DA:677,0
DA:679,206
DA:680,0
DA:682,206
DA:683,0
DA:685,206
DA:688,0
DA:692,0
DA:696,206
DA:698,0
DA:700,206
DA:703,0
DA:709,206
DA:710,206
DA:711,206
DA:712,206
DA:713,206
DA:715,206
DA:716,0
DA:718,0
DA:721,0
DA:724,0
DA:727,0
DA:731,206
DA:733,206
DA:735,206
DA:737,0
LF:245
LH:87
end_of_record
TN:
SF:/home/runner/work/covesa-dlt-daemon/covesa-dlt-daemon/src/console/logstorage/dlt-logstorage-common.c
FN:100,103,get_default_event_type
FN:105,108,set_default_event_type
FN:110,113,get_default_path
FN:115,121,set_default_path
FN:126,129,get_logstorage_control
FN:131,134,dlt_logstorage_get_handler_cb
FN:136,139,dlt_logstorage_get_handler_fd
FN:145,158,dlt_logstorage_init_handler
FN:164,177,dlt_logstorage_deinit_handler
FN:188,225,dlt_logstorage_check_config_file
FN:233,244,dlt_logstorage_check_directory_permission
FN:254,297,prepare_message_body
FN:306,323,dlt_logstorage_send_event
FN:87,90,get_handler_type
FN:92,98,set_handler_type
FNDA:6,get_default_event_type
FNDA:2,set_default_event_type
FNDA:2,get_default_path
FNDA:2,set_default_path
FNDA:0,get_logstorage_control
FNDA:0,dlt_logstorage_get_handler_cb
FNDA:0,dlt_logstorage_get_handler_fd
FNDA:0,dlt_logstorage_init_handler
FNDA:0,dlt_logstorage_deinit_handler
FNDA:0,dlt_logstorage_check_config_file
FNDA:0,dlt_logstorage_check_directory_permission
FNDA:2,prepare_message_body
FNDA:2,dlt_logstorage_send_event
FNDA:4,get_handler_type
FNDA:0,set_handler_type
FNF:15
FNH:7
DA:87,4
DA:89,4
DA:92,0
DA:94,0
DA:98,0
DA:100,6
DA:102,6
DA:105,2
DA:107,2
DA:108,2
DA:110,2
DA:112,2
DA:115,2
DA:119,2
DA:121,2
DA:126,0
DA:128,0
DA:131,0
DA:133,0
DA:136,0
DA:138,0
DA:145,0
DA:147,0
DA:150,0
DA:155,0
DA:164,0
DA:166,0
DA:169,0
DA:174,0
DA:188,0
DA:195,0
DA:196,0
DA:197,0
DA:200,0
DA:202,0
DA:204,0
DA:205,0
DA:206,0
DA:210,0
DA:212,0
DA:214,0
DA:218,0
DA:220,0
DA:221,0
DA:223,0
DA:224,0
DA:233,0
DA:235,0
DA:236,0
DA:237,0
DA:240,0
DA:254,2
DA:260,2
DA:261,0
DA:262,0
DA:265,2
DA:267,2
DA:269,2
DA:270,0
DA:271,0
DA:274,2
DA:276,2
DA:277,0
DA:278,0
DA:279,0
DA:280,0
DA:283,2
DA:287,2
DA:288,2
DA:292,2
DA:294,2
DA:296,2
DA:306,2
DA:309,2
DA:312,2
DA:313,0
DA:314,0
DA:317,2
DA:319,2
DA:320,2
DA:322,2
LF:81
LH:32
end_of_record
TN:
SF:/home/runner/work/covesa-dlt-daemon/covesa-dlt-daemon/src/console/logstorage/dlt-logstorage-ctrl.c
FN:110,116,catch_signal
FN:123,140,install_signal_handler
FN:153,199,analyze_response
FN:212,227,dlt_logstorage_ctrl_add_event
FN:236,283,dlt_logstorage_ctrl_execute_event_loop
FN:293,343,dlt_logstorage_ctrl_setup_event_loop
FN:349,387,dlt_logstorage_ctrl_single_request
FN:391,414,usage
FN:439,537,parse_args
FN:540,546,sd_notify
FN:558,602,main
FN:90,93,dlt_logstorage_exit
FN:99,102,dlt_logstorage_must_exit
FNDA:0,catch_signal
FNDA:0,install_signal_handler
FNDA:2,analyze_response
FNDA:0,dlt_logstorage_ctrl_add_event
FNDA:0,dlt_logstorage_ctrl_execute_event_loop
FNDA:0,dlt_logstorage_ctrl_setup_event_loop
FNDA:2,dlt_logstorage_ctrl_single_request
FNDA:0,usage
FNDA:2,parse_args
FNDA:0,sd_notify
FNDA:2,main
FNDA:0,dlt_logstorage_exit
FNDA:0,dlt_logstorage_must_exit
FNF:13
FNH:4
DA:90,0
DA:92,0
DA:93,0
DA:99,0
DA:101,0
DA:110,0
DA:112,0
DA:113,0
DA:116,0
DA:123,0
DA:125,0
DA:129,0
DA:132,0
DA:134,0
DA:136,0
DA:137,0
DA:140,0
DA:153,2
DA:156,2
DA:157,2
DA:158,2
DA:160,2
DA:182,2
DA:185,2
DA:186,0
DA:190,2
DA:191,0
DA:195,2
DA:196,2
DA:212,0
DA:216,0
DA:217,0
DA:218,0
DA:221,0
DA:223,0
DA:224,0
DA:226,0
DA:236,0
DA:239,0
DA:241,0
DA:243,0
DA:244,0
DA:247,0
DA:248,0
DA:250,0
DA:253,0
DA:256,0
DA:257,0
DA:261,0
DA:262,0
DA:263,0
DA:265,0
DA:268,0
DA:269,0
DA:271,0
DA:274,0
DA:276,0
DA:277,0
DA:279,0
DA:293,0
DA:296,0
DA:303,0
DA:305,0
DA:308,0
DA:310,0
DA:311,0
DA:312,0
DA:315,0
DA:316,0
DA:317,0
DA:320,0
DA:322,0
DA:323,0
DA:324,0
DA:325,0
DA:328,0
DA:331,0
DA:335,0
DA:336,0
DA:339,0
DA:340,0
DA:342,0
DA:349,2
DA:354,2
DA:356,0
DA:357,0
DA:360,0
DA:363,0
DA:364,0
DA:365,0
DA:370,2
DA:372,0
DA:373,0
DA:374,0
DA:377,2
DA:381,2
DA:384,2
DA:386,2
DA:391,0
DA:411,0
DA:414,0
DA:439,2
DA:442,2
DA:444,6
DA:448,6
DA:449,4
DA:450,2
DA:451,2
DA:453,2
DA:454,0
DA:455,0
DA:458,2
DA:459,2
DA:460,0
DA:461,0
DA:462,0
DA:464,0
DA:466,0
DA:467,0
DA:469,0
DA:471,0
DA:472,0
DA:474,0
DA:475,0
DA:476,0
DA:477,0
DA:478,0
DA:479,0
DA:480,0
DA:481,0
DA:482,0
DA:483,0
DA:485,0
DA:487,0
DA:488,0
DA:489,0
DA:492,0
DA:493,0
DA:494,0
DA:495,0
DA:496,0
DA:498,0
DA:499,0
DA:500,0
DA:502,2
DA:503,2
DA:504,2
DA:506,0
DA:507,0
DA:508,0
DA:509,0
DA:510,0
DA:512,0
DA:513,0
DA:515,0
DA:517,0
DA:518,0
DA:519,0
DA:520,0
DA:521,0
DA:526,4
DA:527,2
DA:528,0
DA:529,0
DA:533,2
DA:534,0
DA:540,0
DA:545,0
DA:558,2
DA:562,2
DA:563,2
DA:564,2
DA:567,2
DA:572,2
DA:573,2
DA:575,2
DA:577,2
DA:578,0
DA:581,0
DA:585,0
DA:590,0
DA:591,0
DA:592,0
DA:596,0
DA:597,0
DA:600,2
LF:186
LH:43
end_of_record
TN:
SF:/home/runner/work/covesa-dlt-daemon/covesa-dlt-daemon/src/console/logstorage/dlt-logstorage-list.c
FN:103,123,logstorage_find_dev_info
FN:135,188,logstorage_store_dev_info
FN:200,232,logstorage_delete_dev_info
FN:79,92,print_list
FNDA:0,logstorage_find_dev_info
FNDA:0,logstorage_store_dev_info
FNDA:0,logstorage_delete_dev_info
FNDA:0,print_list
FNF:4
FNH:0
DA:79,0
DA:81,0
DA:82,0
DA:84,0
DA:85,0
DA:86,0
DA:89,0
DA:91,0
DA:103,0
DA:105,0
DA:107,0
DA:110,0
DA:112,0
DA:113,0
DA:114,0
DA:118,0
DA:135,0
DA:140,0
DA:141,0
DA:142,0
DA:145,0
DA:146,0
DA:147,0
DA:148,0
DA:151,0
DA:153,0
DA:154,0
DA:155,0
DA:158,0
DA:159,0
DA:161,0
DA:164,0
DA:166,0
DA:167,0
DA:168,0
DA:170,0
DA:173,0
DA:174,0
DA:177,0
DA:179,0
DA:180,0
DA:182,0
DA:184,0
DA:185,0
DA:187,0
DA:200,0
DA:205,0
DA:207,0
DA:208,0
DA:209,0
DA:210,0
DA:214,0
DA:216,0
DA:217,0
DA:219,0
DA:220,0
DA:222,0
DA:223,0
DA:225,0
DA:226,0
DA:228,0
DA:229,0
DA:231,0
LF:63
LH:0
end_of_record
TN:
SF:/home/runner/work/covesa-dlt-daemon/covesa-dlt-daemon/src/daemon/dlt-daemon.c
FN:1037,1083,dlt_mkdir_recursive
FN:1086,1123,dlt_daemon_create_pipes_dir
FN:1129,1361,main
FN:1363,1422,dlt_daemon_local_init_p1
FN:1424,1524,dlt_daemon_local_init_p2
FN:1526,1581,dlt_daemon_init_serial
FN:1584,1665,dlt_daemon_init_fifo
FN:173,209,usage
FN:1758,1803,dlt_daemon_initialize_control_socket
FN:1805,1919,dlt_daemon_local_connection_init
FN:1921,1973,file_read_everything
FN:1975,2029,file_read_field
FN:2031,2058,dlt_daemon_local_ecu_version_init
FN:2060,2118,dlt_daemon_local_cleanup
FN:2120,2142,dlt_daemon_exit_trigger
FN:214,338,option_handling
FN:2144,2167,dlt_daemon_signal_handler
FN:2193,2255,dlt_daemon_daemonize
FN:2263,2338,dlt_daemon_log_internal
FN:2340,2354,dlt_daemon_check_numeric_setting
FN:2356,2464,dlt_daemon_process_client_connect
FN:2466,2541,dlt_daemon_process_client_messages
FN:2543,2610,dlt_daemon_process_client_messages_serial
FN:2612,2659,dlt_daemon_process_control_connect
FN:2708,2774,dlt_daemon_process_control_messages
FN:2776,2796,dlt_daemon_process_user_message_not_sup
FN:2817,2900,dlt_daemon_process_user_messages
FN:2902,2938,dlt_daemon_process_user_message_overflow
FN:2940,2958,dlt_daemon_send_message_overflow
FN:2960,3076,dlt_daemon_process_user_message_register_application
FN:3078,3284,dlt_daemon_process_user_message_register_context
FN:3286,3382,dlt_daemon_process_user_message_unregister_application
FN:3384,3460,dlt_daemon_process_user_message_unregister_context
FN:343,871,option_file_parser
FN:3462,3606,dlt_daemon_process_user_message_log
FN:3608,3631,enforce_context_ll_and_ts_keep_message
FN:3633,3707,dlt_daemon_process_user_message_set_app_ll_ts
FN:3709,3740,dlt_daemon_process_user_message_log_mode
FN:3742,3770,dlt_daemon_process_user_message_marker
FN:3772,3815,dlt_daemon_send_ringbuffer_to_client
FN:3861,3950,create_timer_fd
FN:3953,3996,dlt_daemon_close_socket
FNDA:9,dlt_mkdir_recursive
FNDA:9,dlt_daemon_create_pipes_dir
FNDA:9,main
FNDA:9,dlt_daemon_local_init_p1
FNDA:9,dlt_daemon_local_init_p2
FNDA:9,dlt_daemon_init_serial
FNDA:9,dlt_daemon_init_fifo
FNDA:0,usage
FNDA:9,dlt_daemon_initialize_control_socket
FNDA:9,dlt_daemon_local_connection_init
FNDA:0,file_read_everything
FNDA:0,file_read_field
FNDA:9,dlt_daemon_local_ecu_version_init
FNDA:9,dlt_daemon_local_cleanup
FNDA:9,dlt_daemon_exit_trigger
FNDA:9,option_handling
FNDA:9,dlt_daemon_signal_handler
FNDA:2,dlt_daemon_daemonize
FNDA:40,dlt_daemon_log_internal
FNDA:3,dlt_daemon_check_numeric_setting
FNDA:4,dlt_daemon_process_client_connect
FNDA:6,dlt_daemon_process_client_messages
FNDA:0,dlt_daemon_process_client_messages_serial
FNDA:2,dlt_daemon_process_control_connect
FNDA:5,dlt_daemon_process_control_messages
FNDA:0,dlt_daemon_process_user_message_not_sup
FNDA:1182,dlt_daemon_process_user_messages
FNDA:0,dlt_daemon_process_user_message_overflow
FNDA:0,dlt_daemon_send_message_overflow
FNDA:7,dlt_daemon_process_user_message_register_application
FNDA:38,dlt_daemon_process_user_message_register_context
FNDA:6,dlt_daemon_process_user_message_unregister_application
FNDA:37,dlt_daemon_process_user_message_unregister_context
FNDA:9,option_file_parser
FNDA:5807,dlt_daemon_process_user_message_log
FNDA:0,enforce_context_ll_and_ts_keep_message
FNDA:0,dlt_daemon_process_user_message_set_app_ll_ts
FNDA:0,dlt_daemon_process_user_message_log_mode
FNDA:0,dlt_daemon_process_user_message_marker
FNDA:2,dlt_daemon_send_ringbuffer_to_client
FNDA:10,create_timer_fd
FNDA:5,dlt_daemon_close_socket
FNF:42
FNH:31
DA:173,0
DA:176,0
DA:209,0
DA:214,9
DA:222,9
DA:223,0
DA:224,0
DA:231,9
DA:234,9
DA:241,9
DA:249,20
DA:250,11
DA:251,2
DA:253,2
DA:254,2
DA:256,8
DA:258,8
DA:269,0
DA:271,0
DA:272,0
DA:283,1
DA:285,1
DA:287,1
DA:288,0
DA:289,0
DA:294,0
DA:296,0
DA:297,0
DA:299,0
DA:301,0
DA:306,0
DA:307,0
DA:308,0
DA:310,0
DA:313,0
DA:314,0
DA:316,0
DA:318,0
DA:319,0
DA:326,9
DA:328,9
DA:336,9
DA:343,9
DA:344,9
DA:346,9
DA:347,9
DA:348,9
DA:354,9
DA:355,9
DA:356,9
DA:357,9
DA:358,9
DA:359,9
DA:360,9
DA:361,9
DA:368,9
DA:373,9
DA:374,0
DA:377,9
DA:378,9
DA:379,9
DA:381,9
DA:382,9
DA:383,9
DA:384,9
DA:385,9
DA:386,9
DA:387,9
DA:388,9
DA:389,9
DA:390,9
DA:391,9
DA:392,9
DA:393,9
DA:394,9
DA:395,9
DA:396,9
DA:397,9
DA:398,9
DA:400,9
DA:411,9
DA:413,9
DA:414,9
DA:417,9
DA:418,9
DA:419,9
DA:420,9
DA:426,9
DA:427,9
DA:430,9
DA:431,8
DA:436,9
DA:438,9
DA:441,112
DA:442,49
DA:443,49
DA:444,49
DA:446,92
DA:447,86
DA:450,86
DA:451,43
DA:452,43
DA:455,43
DA:456,43
DA:457,43
DA:460,43
DA:463,49
DA:465,43
DA:466,0
DA:469,43
DA:471,0
DA:474,43
DA:476,0
DA:479,43
DA:481,0
DA:484,43
DA:486,0
DA:489,43
DA:491,1
DA:494,42
DA:496,0
DA:499,42
DA:501,0
DA:504,42
DA:506,0
DA:509,42
DA:511,0
DA:514,42
DA:516,0
DA:517,0
DA:520,42
DA:522,0
DA:523,0
DA:526,42
DA:528,1
DA:529,1
DA:532,41
DA:534,0
DA:535,0
DA:538,41
DA:540,1
DA:543,40
DA:545,1
DA:548,39
DA:553,1
DA:556,38
DA:558,0
DA:560,38
DA:562,0
DA:564,38
DA:566,0
DA:568,38
DA:570,1
DA:573,37
DA:575,1
DA:577,0
DA:578,0
DA:581,36
DA:583,1
DA:585,0
DA:586,0
DA:589,35
DA:591,1
DA:593,0
DA:594,0
DA:597,34
DA:599,1
DA:602,33
DA:604,0
DA:607,0
DA:610,33
DA:612,0
DA:615,33
DA:617,0
DA:620,33
DA:622,0
DA:625,33
DA:627,0
DA:630,33
DA:635,0
DA:638,33
DA:642,0
DA:645,33
DA:647,0
DA:650,33
DA:652,6
DA:654,27
DA:656,6
DA:660,21
DA:663,6
DA:664,6
DA:666,15
DA:669,0
DA:670,0
DA:672,15
DA:674,0
DA:675,0
DA:676,15
DA:677,6
DA:679,9
DA:681,0
DA:682,0
DA:683,0
DA:686,9
DA:697,2
DA:699,1
DA:702,1
DA:713,0
DA:717,0
DA:718,0
DA:722,0
DA:729,0
DA:733,0
DA:734,0
DA:738,0
DA:745,0
DA:749,0
DA:750,0
DA:754,0
DA:761,0
DA:763,0
DA:765,0
DA:766,0
DA:772,0
DA:775,0
DA:805,0
DA:810,0
DA:812,0
DA:813,0
DA:815,0
DA:816,0
DA:817,0
DA:818,0
DA:821,0
DA:824,0
DA:827,0
DA:829,0
DA:830,0
DA:832,0
DA:833,0
DA:834,0
DA:835,0
DA:838,0
DA:841,0
DA:843,0
DA:848,0
DA:851,0
DA:852,0
DA:855,0
DA:864,7
DA:867,2
DA:1037,9
DA:1046,9
DA:1048,9
DA:1049,0
DA:1051,9
DA:1053,36
DA:1054,27
DA:1055,0
DA:1057,0
DA:1058,0
DA:1066,0
DA:1071,9
DA:1072,9
DA:1079,9
DA:1082,9
DA:1086,9
DA:1090,9
DA:1091,0
DA:1092,0
DA:1096,9
DA:1099,9
DA:1100,0
DA:1105,0
DA:1109,9
DA:1113,9
DA:1114,0
DA:1117,0
DA:1119,0
DA:1129,9
DA:1141,9
DA:1142,0
DA:1143,0
DA:1145,0
DA:1149,9
DA:1150,0
DA:1151,0
DA:1153,0
DA:1157,9
DA:1158,9
DA:1160,9
DA:1161,9
DA:1165,9
DA:1166,0
DA:1183,9
DA:1185,9
DA:1187,9
DA:1192,9
DA:1193,0
DA:1194,0
DA:1206,9
DA:1207,0
DA:1208,0
DA:1213,9
DA:1215,0
DA:1216,0
DA:1220,9
DA:1221,0
DA:1222,0
DA:1227,9
DA:1228,0
DA:1229,0
DA:1236,9
DA:1239,9
DA:1240,0
DA:1241,0
DA:1255,9
DA:1256,6
DA:1261,0
DA:1284,9
DA:1287,9
DA:1288,9
DA:1289,0
DA:1292,9
DA:1293,1
DA:1294,0
DA:1295,0
DA:1299,1
DA:1308,9
DA:1309,0
DA:1311,9
DA:1313,9
DA:1322,9
DA:1323,0
DA:1324,0
DA:1326,0
DA:1328,9
DA:1334,1230
DA:1335,1221
DA:1339,9
DA:1341,9
DA:1343,9
DA:1345,9
DA:1351,9
DA:1353,9
DA:1355,9
DA:1357,9
DA:1359,9
DA:1363,9
DA:1365,9
DA:1368,9
DA:1369,0
DA:1370,0
DA:1392,9
DA:1398,9
DA:1399,2
DA:1402,9
DA:1404,9
DA:1405,0
DA:1407,0
DA:1408,0
DA:1411,9
DA:1413,9
DA:1414,9
DA:1415,9
DA:1416,9
DA:1421,9
DA:1424,9
DA:1426,9
DA:1428,9
DA:1429,0
DA:1430,0
DA:1434,9
DA:1435,9
DA:1439,0
DA:1440,0
DA:1444,9
DA:1445,0
DA:1446,0
DA:1447,0
DA:1450,0
DA:1454,0
DA:1455,0
DA:1460,9
DA:1461,6
DA:1463,6
DA:1464,0
DA:1465,0
DA:1472,9
DA:1473,1
DA:1475,8
DA:1478,9
DA:1499,9
DA:1500,0
DA:1501,0
DA:1505,9
DA:1506,0
DA:1509,9
DA:1510,9
DA:1512,9
DA:1513,0
DA:1514,0
DA:1517,9
DA:1521,9
DA:1523,9
DA:1526,9
DA:1532,9
DA:1535,0
DA:1537,0
DA:1538,0
DA:1541,0
DA:1542,0
DA:1545,0
DA:1548,0
DA:1549,0
DA:1551,0
DA:1553,0
DA:1554,0
DA:1555,0
DA:1557,0
DA:1558,0
DA:1560,0
DA:1563,0
DA:1564,0
DA:1567,0
DA:1568,0
DA:1571,0
DA:1572,0
DA:1573,0
DA:1576,0
DA:1584,9
DA:1591,9
DA:1594,9
DA:1595,9
DA:1597,9
DA:1599,9
DA:1600,0
DA:1601,0
DA:1602,0
DA:1606,9
DA:1607,0
DA:1608,0
DA:1610,0
DA:1611,0
DA:1613,0
DA:1614,0
DA:1618,0
DA:1620,0
DA:1625,0
DA:1633,9
DA:1634,0
DA:1635,0
DA:1636,0
DA:1643,9
DA:1645,0
DA:1646,0
DA:1650,9
DA:1651,0
DA:1653,9
DA:1660,9
DA:1758,9
DA:1763,9
DA:1765,9
DA:1766,0
DA:1767,0
DA:1786,9
DA:1787,9
DA:1791,9
DA:1792,9
DA:1797,0
DA:1805,9
DA:1809,9
DA:1811,9
DA:1813,9
DA:1814,0
DA:1815,0
DA:1818,9
DA:1829,9
DA:1830,0
DA:1831,0
DA:1844,9
DA:1846,9
DA:1848,9
DA:1849,9
DA:1854,0
DA:1855,0
DA:1859,0
DA:1860,0
DA:1865,0
DA:1867,0
DA:1868,0
DA:1873,0
DA:1879,0
DA:1882,0
DA:1885,0
DA:1886,0
DA:1887,0
DA:1907,9
DA:1908,0
DA:1909,0
DA:1913,9
DA:1914,0
DA:1915,0
DA:1921,0
DA:1923,0
DA:1928,0
DA:1929,0
DA:1930,0
DA:1931,0
DA:1932,0
DA:1933,0
DA:1937,0
DA:1938,0
DA:1939,0
DA:1940,0
DA:1941,0
DA:1944,0
DA:1945,0
DA:1946,0
DA:1947,0
DA:1948,0
DA:1952,0
DA:1953,0
DA:1955,0
DA:1956,0
DA:1957,0
DA:1958,0
DA:1959,0
DA:1962,0
DA:1963,0
DA:1964,0
DA:1965,0
DA:1966,0
DA:1970,0
DA:1972,0
DA:1975,0
DA:1977,0
DA:1982,0
DA:1986,0
DA:1987,0
DA:1991,0
DA:1999,0
DA:2000,0
DA:2001,0
DA:2005,0
DA:2006,0
DA:2007,0
DA:2013,0
DA:2016,0
DA:2017,0
DA:2021,0
DA:2022,0
DA:2026,0
DA:2028,0
DA:2031,9
DA:2035,9
DA:2038,9
DA:2041,9
DA:2043,9
DA:2045,9
DA:2046,9
DA:2049,0
DA:2050,0
DA:2052,0
DA:2055,0
DA:2057,0
DA:2060,9
DA:2062,9
DA:2064,9
DA:2065,0
DA:2066,0
DA:2070,9
DA:2072,9
DA:2075,9
DA:2076,0
DA:2079,9
DA:2083,9
DA:2099,9
DA:2101,6
DA:2105,6
DA:2108,9
DA:2109,9
DA:2111,9
DA:2112,1
DA:2113,1
DA:2117,9
DA:2120,9
DA:2123,9
DA:2126,9
DA:2129,9
DA:2130,9
DA:2131,0
DA:2135,9
DA:2142,9
DA:2144,9
DA:2146,9
DA:2148,9
DA:2149,9
DA:2155,9
DA:2157,9
DA:2158,9
DA:2167,9
DA:2193,2
DA:2198,2
DA:2200,2
DA:2203,2
DA:2205,4
DA:2206,0
DA:2207,0
DA:2210,4
DA:2211,2
DA:2218,2
DA:2219,0
DA:2220,0
DA:2226,2
DA:2228,2
DA:2229,0
DA:2232,2
DA:2233,0
DA:2235,2
DA:2238,0
DA:2239,0
DA:2243,2
DA:2246,2
DA:2247,0
DA:2250,2
DA:2251,2
DA:2252,2
DA:2253,2
DA:2255,2
DA:2263,40
DA:2265,40
DA:2272,40
DA:2275,40
DA:2276,40
DA:2279,40
DA:2280,40
DA:2282,40
DA:2286,40
DA:2291,40
DA:2292,40
DA:2293,40
DA:2296,40
DA:2297,40
DA:2298,40
DA:2299,40
DA:2301,40
DA:2302,40
DA:2303,40
DA:2306,40
DA:2307,40
DA:2308,40
DA:2310,40
DA:2311,40
DA:2313,40
DA:2314,0
DA:2315,0
DA:2318,40
DA:2320,40
DA:2321,40
DA:2322,40
DA:2323,40
DA:2324,40
DA:2327,40
DA:2329,40
DA:2332,40
DA:2333,40
DA:2335,40
DA:2337,40
DA:2340,3
DA:2343,3
DA:2344,3
DA:2345,3
DA:2346,3
DA:2347,3
DA:2348,0
DA:2351,0
DA:2356,4
DA:2365,4
DA:2367,4
DA:2369,4
DA:2370,0
DA:2373,0
DA:2377,4
DA:2379,4
DA:2380,0
DA:2382,0
DA:2383,0
DA:2389,4
DA:2390,4
DA:2394,4
DA:2395,4
DA:2397,4
DA:2402,0
DA:2404,4
DA:2409,0
DA:2410,0
DA:2411,0
DA:2415,4
DA:2423,4
DA:2425,0
DA:2430,0
DA:2431,0
DA:2437,4
DA:2441,4
DA:2443,4
DA:2445,4
DA:2446,2
DA:2447,0
DA:2449,2
DA:2451,2
DA:2452,0
DA:2453,0
DA:2455,0
DA:2459,2
DA:2460,2
DA:2466,6
DA:2474,6
DA:2476,6
DA:2477,0
DA:2480,0
DA:2483,6
DA:2485,6
DA:2486,0
DA:2490,0
DA:2494,11
DA:2495,11
DA:2496,11
DA:2498,11
DA:2500,5
DA:2501,5
DA:2502,5
DA:2508,5
DA:2509,5
DA:2512,5
DA:2515,5
DA:2516,0
DA:2518,5
DA:2519,0
DA:2521,0
DA:2525,6
DA:2526,0
DA:2528,0
DA:2531,6
DA:2535,1
DA:2543,0
DA:2550,0
DA:2552,0
DA:2553,0
DA:2556,0
DA:2559,0
DA:2560,0
DA:2563,0
DA:2567,0
DA:2568,0
DA:2569,0
DA:2571,0
DA:2573,0
DA:2574,0
DA:2580,0
DA:2581,0
DA:2585,0
DA:2586,0
DA:2589,0
DA:2592,0
DA:2593,0
DA:2595,0
DA:2596,0
DA:2598,0
DA:2602,0
DA:2603,0
DA:2606,0
DA:2612,2
DA:2622,2
DA:2624,2
DA:2625,0
DA:2628,0
DA:2632,2
DA:2634,2
DA:2635,0
DA:2636,0
DA:2642,2
DA:2643,2
DA:2645,2
DA:2650,0
DA:2652,0
DA:2655,2
DA:2656,0
DA:2708,5
DA:2716,5
DA:2718,5
DA:2719,0
DA:2722,0
DA:2725,5
DA:2726,2
DA:2733,2
DA:2737,5
DA:2739,5
DA:2740,5
DA:2742,5
DA:2744,2
DA:2745,2
DA:2746,2
DA:2751,2
DA:2752,2
DA:2755,2
DA:2758,2
DA:2759,0
DA:2761,2
DA:2762,0
DA:2764,0
DA:2768,3
DA:2769,0
DA:2770,0
DA:2776,0
DA:2781,0
DA:2785,0
DA:2787,0
DA:2791,0
DA:2792,0
DA:2795,0
DA:2817,1182
DA:2828,1182
DA:2830,1182
DA:2831,0
DA:2834,0
DA:2837,1182
DA:2839,1182
DA:2840,0
DA:2844,0
DA:2846,1182
DA:2847,0
DA:2849,0
DA:2853,7077
DA:2857,5895
DA:2859,5895
DA:2860,0
DA:2862,0
DA:2863,0
DA:2867,5895
DA:2871,5895
DA:2872,0
DA:2873,0
DA:2875,0
DA:2879,5895
DA:2882,5895
DA:2884,5895
DA:2892,1182
DA:2893,0
DA:2896,0
DA:2902,0
DA:2910,0
DA:2912,0
DA:2913,0
DA:2915,0
DA:2918,0
DA:2927,0
DA:2935,0
DA:2940,0
DA:2943,0
DA:2945,0
DA:2946,0
DA:2947,0
DA:2952,0
DA:2960,7
DA:2970,7
DA:2975,7
DA:2977,7
DA:2978,0
DA:2980,0
DA:2984,7
DA:2990,7
DA:2995,7
DA:2999,7
DA:3002,7
DA:3004,7
DA:3006,0
DA:3010,7
DA:3012,7
DA:3013,0
DA:3024,7
DA:3026,7
DA:3029,7
DA:3030,0
DA:3031,0
DA:3034,7
DA:3036,7
DA:3037,0
DA:3039,7
DA:3040,0
DA:3042,7
DA:3051,7
DA:3053,7
DA:3054,0
DA:3056,0
DA:3058,7
DA:3060,7
DA:3062,7
DA:3065,7
DA:3068,7
DA:3072,7
DA:3078,38
DA:3086,38
DA:3094,38
DA:3096,38
DA:3097,0
DA:3099,0
DA:3103,38
DA:3108,38
DA:3113,38
DA:3117,38
DA:3120,38
DA:3122,38
DA:3123,0
DA:3128,38
DA:3130,38
DA:3131,0
DA:3142,38
DA:3144,38
DA:3147,38
DA:3148,0
DA:3149,0
DA:3152,38
DA:3154,38
DA:3157,38
DA:3158,0
DA:3164,0
DA:3168,38
DA:3169,38
DA:3172,0
DA:3179,38
DA:3180,38
DA:3183,0
DA:3189,38
DA:3192,38
DA:3193,38
DA:3200,38
DA:3201,0
DA:3204,0
DA:3207,38
DA:3209,38
DA:3212,38
DA:3213,38
DA:3216,38
DA:3217,0
DA:3219,38
DA:3222,38
DA:3224,33
DA:3225,33
DA:3226,33
DA:3230,5
DA:3233,38
DA:3235,0
DA:3236,0
DA:3237,0
DA:3240,0
DA:3242,0
DA:3243,0
DA:3244,0
DA:3247,0
DA:3248,0
DA:3249,0
DA:3252,0
DA:3253,0
DA:3254,0
DA:3259,0
DA:3260,0
DA:3261,0
DA:3262,0
DA:3263,0
DA:3265,0
DA:3267,0
DA:3270,38
DA:3271,38
DA:3273,38
DA:3274,0
DA:3278,0
DA:3286,6
DA:3298,6
DA:3300,6
DA:3301,0
DA:3304,0
DA:3307,6
DA:3314,6
DA:3316,6
DA:3319,6
DA:3323,6
DA:3328,6
DA:3332,6
DA:3333,0
DA:3335,6
DA:3336,0
DA:3338,0
DA:3340,0
DA:3344,0
DA:3346,0
DA:3347,0
DA:3349,0
DA:3355,6
DA:3359,0
DA:3361,0
DA:3363,0
DA:3366,6
DA:3372,6
DA:3376,6
DA:3384,37
DA:3393,37
DA:3395,37
DA:3396,0
DA:3400,0
DA:3403,37
DA:3410,37
DA:3413,37
DA:3420,37
DA:3422,37
DA:3423,0
DA:3428,0
DA:3431,37
DA:3439,37
DA:3440,0
DA:3445,37
DA:3450,37
DA:3451,0
DA:3462,5807
DA:3470,5807
DA:3472,5807
DA:3473,0
DA:3474,0
DA:3543,5807
DA:3544,5807
DA:3545,5807
DA:3549,5807
DA:3550,0
DA:3558,0
DA:3560,0
DA:3568,0
DA:3571,0
DA:3580,0
DA:3587,0
DA:3588,5807
DA:3591,5807
DA:3592,5807
DA:3595,5807
DA:3598,5807
DA:3599,0
DA:3600,0
DA:3608,0
DA:3614,5807
DA:3615,0
DA:3619,0
DA:3630,0
DA:3633,0
DA:3646,0
DA:3648,0
DA:3649,0
DA:3652,0
DA:3655,0
DA:3657,0
DA:3662,0
DA:3669,0
DA:3671,0
DA:3676,0
DA:3680,0
DA:3681,0
DA:3683,0
DA:3684,0
DA:3686,0
DA:3687,0
DA:3688,0
DA:3690,0
DA:3691,0
DA:3694,0
DA:3695,0
DA:3698,0
DA:3699,0
DA:3709,0
DA:3717,0
DA:3719,0
DA:3720,0
DA:3721,0
DA:3726,0
DA:3734,0
DA:3737,0
DA:3739,0
DA:3742,0
DA:3749,0
DA:3751,0
DA:3752,0
DA:3754,0
DA:3759,0
DA:3767,0
DA:3769,0
DA:3772,2
DA:3781,2
DA:3783,2
DA:3784,0
DA:3785,0
DA:3788,2
DA:3789,0
DA:3790,0
DA:3793,4
DA:3798,4
DA:3799,4
DA:3801,0
DA:3803,4
DA:3805,4
DA:3806,0
DA:3808,4
DA:3809,2
DA:3810,2
DA:3861,10
DA:3869,10
DA:3870,0
DA:3871,0
DA:3874,10
DA:3876,10
DA:3877,0
DA:3878,0
DA:3881,10
DA:3883,0
DA:3889,10
DA:3891,10
DA:3892,0
DA:3893,0
DA:3895,10
DA:3896,10
DA:3897,10
DA:3898,10
DA:3900,10
DA:3901,0
DA:3902,0
DA:3945,10
DA:3949,10
DA:3953,5
DA:3955,5
DA:3957,5
DA:3959,5
DA:3960,0
DA:3961,0
DA:3965,5
DA:3969,5
DA:3971,3
DA:3972,3
DA:3977,3
DA:3978,3
DA:3981,5
DA:3988,5
DA:3992,5
DA:3993,5
DA:3995,5
LF:1150
LH:606
end_of_record
TN:
SF:/home/runner/work/covesa-dlt-daemon/covesa-dlt-daemon/src/daemon/dlt_daemon_client.c
FN:103,161,dlt_daemon_client_send_all_multiple
FN:1219,1278,dlt_daemon_control_message_buffer_overflow
FN:1280,1324,dlt_daemon_control_service_response
FN:1326,1379,dlt_daemon_control_message_unregister_context
FN:1381,1432,dlt_daemon_control_message_connection_info
FN:1434,1487,dlt_daemon_control_message_timezone
FN:1489,1533,dlt_daemon_control_message_marker
FN:1535,1658,dlt_daemon_control_callsw_cinjection
FN:163,313,dlt_daemon_client_send
FN:1660,1684,dlt_daemon_send_log_level
FN:1686,1732,dlt_daemon_find_multiple_context_and_send_log_level
FN:1734,1830,dlt_daemon_control_set_log_level
FN:1833,1857,dlt_daemon_send_trace_status
FN:1859,1905,dlt_daemon_find_multiple_context_and_send_trace_status
FN:1907,2003,dlt_daemon_control_set_trace_status
FN:2005,2040,dlt_daemon_control_set_default_log_level
FN:2042,2081,dlt_daemon_control_set_all_log_level
FN:2083,2119,dlt_daemon_control_set_default_trace_status
FN:2121,2159,dlt_daemon_control_set_all_trace_status
FN:2161,2188,dlt_daemon_control_set_timing_packets
FN:2190,2262,dlt_daemon_control_message_time
FN:2264,2307,dlt_daemon_process_one_s_timer
FN:2309,2358,dlt_daemon_process_sixty_s_timer
FN:2400,2413,dlt_daemon_process_systemd_timer
FN:2416,2651,dlt_daemon_control_service_logstorage
FN:2653,2708,dlt_daemon_control_passive_node_connect
FN:2710,2790,dlt_daemon_control_passive_node_connect_status
FN:315,387,dlt_daemon_client_send_message_to_all_client
FN:389,471,dlt_daemon_client_send_control_message
FN:473,733,dlt_daemon_client_process_control
FN:735,794,dlt_daemon_control_get_software_version
FN:796,849,dlt_daemon_control_get_default_log_level
FN:851,1217,dlt_daemon_control_get_log_info
FNDA:214,dlt_daemon_client_send_all_multiple
FNDA:0,dlt_daemon_control_message_buffer_overflow
FNDA:2,dlt_daemon_control_service_response
FNDA:0,dlt_daemon_control_message_unregister_context
FNDA:9,dlt_daemon_control_message_connection_info
FNDA:0,dlt_daemon_control_message_timezone
FNDA:0,dlt_daemon_control_message_marker
FNDA:0,dlt_daemon_control_callsw_cinjection
FNDA:5878,dlt_daemon_client_send
FNDA:0,dlt_daemon_send_log_level
FNDA:0,dlt_daemon_find_multiple_context_and_send_log_level
FNDA:0,dlt_daemon_control_set_log_level
FNDA:0,dlt_daemon_send_trace_status
FNDA:0,dlt_daemon_find_multiple_context_and_send_trace_status
FNDA:0,dlt_daemon_control_set_trace_status
FNDA:0,dlt_daemon_control_set_default_log_level
FNDA:0,dlt_daemon_control_set_all_log_level
FNDA:0,dlt_daemon_control_set_default_trace_status
FNDA:0,dlt_daemon_control_set_all_trace_status
FNDA:0,dlt_daemon_control_set_timing_packets
FNDA:0,dlt_daemon_control_message_time
FNDA:11,dlt_daemon_process_one_s_timer
FNDA:0,dlt_daemon_process_sixty_s_timer
FNDA:0,dlt_daemon_process_systemd_timer
FNDA:2,dlt_daemon_control_service_logstorage
FNDA:0,dlt_daemon_control_passive_node_connect
FNDA:0,dlt_daemon_control_passive_node_connect_status
FNDA:5807,dlt_daemon_client_send_message_to_all_client
FNDA:16,dlt_daemon_client_send_control_message
FNDA:7,dlt_daemon_client_process_control
FNDA:2,dlt_daemon_control_get_software_version
FNDA:0,dlt_daemon_control_get_default_log_level
FNDA:3,dlt_daemon_control_get_log_info
FNF:33
FNH:11
DA:80,0
DA:103,214
DA:118,214
DA:120,214
DA:121,0
DA:122,0
DA:125,1286
DA:127,1072
DA:128,1072
DA:130,1072
DA:131,1072
DA:132,856
DA:133,856
DA:136,216
DA:143,216
DA:144,0
DA:145,0
DA:152,0
DA:163,5878
DA:178,5878
DA:179,0
DA:180,0
DA:183,5878
DA:185,11
DA:186,0
DA:187,0
DA:188,0
DA:189,0
DA:190,0
DA:193,11
DA:194,11
DA:195,11
DA:196,0
DA:197,0
DA:201,11
DA:208,5867
DA:209,5863
DA:210,0
DA:211,0
DA:215,0
DA:216,0
DA:217,0
DA:227,5863
DA:228,5837
DA:239,5867
DA:254,5867
DA:256,415
DA:257,214
DA:265,214
DA:273,5867
DA:274,5863
DA:276,5452
DA:278,5452
DA:279,5452
DA:280,0
DA:283,5452
DA:284,0
DA:285,0
DA:286,0
DA:288,0
DA:291,415
DA:292,0
DA:293,0
DA:294,0
DA:295,0
DA:298,0
DA:300,0
DA:304,0
DA:305,0
DA:315,5807
DA:322,5807
DA:324,5807
DA:325,0
DA:326,0
DA:330,5807
DA:331,0
DA:334,0
DA:337,0
DA:338,0
DA:340,0
DA:344,0
DA:345,0
DA:349,5807
DA:350,5807
DA:352,0
DA:355,5807
DA:356,0
DA:358,0
DA:359,0
DA:363,5807
DA:364,0
DA:365,0
DA:367,0
DA:368,5807
DA:369,0
DA:370,0
DA:372,0
DA:373,5807
DA:374,0
DA:375,0
DA:377,0
DA:381,5807
DA:382,5807
DA:384,5807
DA:385,5807
DA:389,16
DA:400,16
DA:402,16
DA:406,16
DA:408,16
DA:412,16
DA:413,16
DA:419,16
DA:422,16
DA:426,16
DA:428,16
DA:431,16
DA:432,16
DA:433,16
DA:434,16
DA:436,16
DA:438,16
DA:439,16
DA:441,0
DA:443,16
DA:444,16
DA:446,0
DA:449,16
DA:450,16
DA:452,16
DA:454,16
DA:455,0
DA:456,0
DA:459,16
DA:461,16
DA:462,16
DA:464,16
DA:465,16
DA:466,0
DA:467,0
DA:473,7
DA:482,7
DA:484,7
DA:487,7
DA:490,7
DA:493,7
DA:494,0
DA:495,0
DA:502,7
DA:503,7
DA:505,7
DA:507,7
DA:508,0
DA:510,0
DA:511,0
DA:513,0
DA:515,0
DA:516,0
DA:518,3
DA:520,3
DA:521,3
DA:523,0
DA:525,0
DA:526,0
DA:528,0
DA:530,0
DA:531,0
DA:532,0
DA:537,0
DA:544,0
DA:553,0
DA:559,0
DA:561,0
DA:562,0
DA:563,0
DA:568,0
DA:569,0
DA:571,0
DA:573,0
DA:579,0
DA:581,0
DA:583,0
DA:589,0
DA:591,0
DA:593,0
DA:599,0
DA:601,0
DA:603,0
DA:609,0
DA:611,0
DA:613,0
DA:614,0
DA:616,0
DA:619,0
DA:620,0
DA:622,0
DA:624,0
DA:630,0
DA:632,0
DA:634,0
DA:640,0
DA:642,0
DA:644,0
DA:650,0
DA:652,0
DA:654,0
DA:660,0
DA:662,0
DA:664,0
DA:665,0
DA:667,0
DA:669,0
DA:670,0
DA:672,2
DA:674,2
DA:675,2
DA:677,0
DA:679,0
DA:681,0
DA:683,2
DA:685,2
DA:686,2
DA:688,0
DA:690,0
DA:695,0
DA:697,0
DA:699,0
DA:703,0
DA:705,0
DA:707,0
DA:708,0
DA:710,0
DA:712,0
DA:713,0
DA:715,0
DA:717,0
DA:723,0
DA:729,0
DA:735,2
DA:741,2
DA:743,2
DA:744,0
DA:747,2
DA:748,0
DA:754,0
DA:758,2
DA:761,2
DA:763,2
DA:764,0
DA:765,0
DA:768,2
DA:769,2
DA:770,2
DA:773,2
DA:774,0
DA:780,0
DA:784,2
DA:785,2
DA:786,2
DA:787,2
DA:790,2
DA:793,2
DA:796,0
DA:801,0
DA:803,0
DA:804,0
DA:807,0
DA:808,0
DA:814,0
DA:817,0
DA:819,0
DA:820,0
DA:821,0
DA:824,0
DA:825,0
DA:826,0
DA:829,0
DA:830,0
DA:836,0
DA:840,0
DA:841,0
DA:842,0
DA:845,0
DA:848,0
DA:851,3
DA:863,3
DA:882,3
DA:884,3
DA:885,0
DA:887,3
DA:890,3
DA:892,3
DA:896,3
DA:899,3
DA:900,0
DA:906,0
DA:910,3
DA:911,0
DA:917,0
DA:920,3
DA:921,0
DA:922,0
DA:926,0
DA:929,0
DA:930,0
DA:932,0
DA:936,0
DA:939,0
DA:949,3
DA:950,3
DA:961,3
DA:965,3
DA:966,3
DA:968,3
DA:969,3
DA:971,3
DA:974,3
DA:975,3
DA:976,0
DA:979,0
DA:980,0
DA:982,0
DA:983,0
DA:988,0
DA:992,0
DA:993,0
DA:996,0
DA:998,0
DA:1000,0
DA:1001,0
DA:1003,0
DA:1004,0
DA:1010,0
DA:1011,0
DA:1013,0
DA:1014,0
DA:1019,3
DA:1020,0
DA:1022,0
DA:1023,0
DA:1024,0
DA:1027,3
DA:1028,0
DA:1030,0
DA:1031,0
DA:1036,3
DA:1037,0
DA:1042,3
DA:1043,3
DA:1045,3
DA:1046,0
DA:1052,0
DA:1059,3
DA:1063,3
DA:1065,3
DA:1068,3
DA:1070,3
DA:1071,0
DA:1078,0
DA:1079,0
DA:1080,0
DA:1083,0
DA:1084,0
DA:1090,0
DA:1095,0
DA:1099,0
DA:1100,0
DA:1102,0
DA:1103,0
DA:1110,0
DA:1111,0
DA:1113,0
DA:1115,0
DA:1116,0
DA:1122,0
DA:1127,0
DA:1128,0
DA:1129,0
DA:1134,0
DA:1135,0
DA:1136,0
DA:1138,0
DA:1139,0
DA:1147,0
DA:1148,0
DA:1149,0
DA:1150,0
DA:1154,0
DA:1155,0
DA:1156,0
DA:1157,0
DA:1161,0
DA:1162,0
DA:1163,0
DA:1164,0
DA:1165,0
DA:1166,0
DA:1167,0
DA:1168,0
DA:1171,0
DA:1172,0
DA:1173,0
DA:1189,0
DA:1190,0
DA:1191,0
DA:1192,0
DA:1193,0
DA:1194,0
DA:1195,0
DA:1196,0
DA:1199,0
DA:1200,0
DA:1201,0
DA:1210,3
DA:1213,3
DA:1216,3
DA:1219,0
DA:1230,0
DA:1232,0
DA:1236,0
DA:1237,0
DA:1243,0
DA:1247,0
DA:1249,0
DA:1250,0
DA:1251,0
DA:1254,0
DA:1255,0
DA:1256,0
DA:1259,0
DA:1263,0
DA:1264,0
DA:1265,0
DA:1266,0
DA:1269,0
DA:1270,0
DA:1271,0
DA:1275,0
DA:1277,0
DA:1280,2
DA:1290,2
DA:1292,2
DA:1293,0
DA:1296,2
DA:1300,2
DA:1302,2
DA:1303,0
DA:1304,0
DA:1307,2
DA:1308,2
DA:1309,2
DA:1312,2
DA:1316,2
DA:1317,2
DA:1320,2
DA:1323,2
DA:1326,0
DA:1337,0
DA:1339,0
DA:1343,0
DA:1347,0
DA:1349,0
DA:1350,0
DA:1351,0
DA:1354,0
DA:1355,0
DA:1356,0
DA:1359,0
DA:1363,0
DA:1364,0
DA:1365,0
DA:1366,0
DA:1367,0
DA:1370,0
DA:1371,0
DA:1372,0
DA:1376,0
DA:1378,0
DA:1381,9
DA:1391,9
DA:1393,9
DA:1397,9
DA:1401,9
DA:1403,9
DA:1404,0
DA:1405,0
DA:1408,9
DA:1409,9
DA:1410,9
DA:1413,9
DA:1417,9
DA:1418,9
DA:1419,9
DA:1420,9
DA:1423,9
DA:1424,0
DA:1425,0
DA:1429,9
DA:1431,9
DA:1434,0
DA:1439,0
DA:1441,0
DA:1445,0
DA:1449,0
DA:1451,0
DA:1452,0
DA:1453,0
DA:1456,0
DA:1457,0
DA:1458,0
DA:1461,0
DA:1465,0
DA:1466,0
DA:1468,0
DA:1470,0
DA:1471,0
DA:1473,0
DA:1475,0
DA:1478,0
DA:1479,0
DA:1480,0
DA:1484,0
DA:1486,0
DA:1489,0
DA:1494,0
DA:1496,0
DA:1500,0
DA:1504,0
DA:1506,0
DA:1507,0
DA:1508,0
DA:1511,0
DA:1512,0
DA:1513,0
DA:1516,0
DA:1520,0
DA:1521,0
DA:1524,0
DA:1525,0
DA:1526,0
DA:1530,0
DA:1532,0
DA:1535,0
DA:1554,0
DA:1556,0
DA:1557,0
DA:1559,0
DA:1562,0
DA:1563,0
DA:1566,0
DA:1567,0
DA:1568,0
DA:1572,0
DA:1577,0
DA:1578,0
DA:1582,0
DA:1583,0
DA:1584,0
DA:1588,0
DA:1589,0
DA:1593,0
DA:1596,0
DA:1599,0
DA:1601,0
DA:1602,0
DA:1606,0
DA:1607,0
DA:1608,0
DA:1611,0
DA:1613,0
DA:1614,0
DA:1615,0
DA:1618,0
DA:1620,0
DA:1621,0
DA:1622,0
DA:1625,0
DA:1626,0
DA:1632,0
DA:1636,0
DA:1637,0
DA:1639,0
DA:1640,0
DA:1643,0
DA:1646,0
DA:1649,0
DA:1655,0
DA:1660,0
DA:1667,0
DA:1672,0
DA:1673,0
DA:1675,0
DA:1676,0
DA:1677,0
DA:1680,0
DA:1681,0
DA:1682,0
DA:1684,0
DA:1686,0
DA:1695,0
DA:1699,0
DA:1703,0
DA:1704,0
DA:1705,0
DA:1708,0
DA:1710,0
DA:1713,0
DA:1714,0
DA:1716,0
DA:1717,0
DA:1718,0
DA:1720,0
DA:1722,0
DA:1724,0
DA:1725,0
DA:1726,0
DA:1729,0
DA:1734,0
DA:1740,0
DA:1742,0
DA:1743,0
DA:1749,0
DA:1750,0
DA:1752,0
DA:1755,0
DA:1757,0
DA:1758,0
DA:1760,0
DA:1761,0
DA:1762,0
DA:1763,0
DA:1765,0
DA:1766,0
DA:1771,0
DA:1772,0
DA:1775,0
DA:1777,0
DA:1782,0
DA:1783,0
DA:1786,0
DA:1788,0
DA:1794,0
DA:1797,0
DA:1799,0
DA:1805,0
DA:1809,0
DA:1812,0
DA:1816,0
DA:1817,0
DA:1820,0
DA:1822,0
DA:1833,0
DA:1840,0
DA:1845,0
DA:1846,0
DA:1848,0
DA:1849,0
DA:1850,0
DA:1853,0
DA:1854,0
DA:1855,0
DA:1857,0
DA:1859,0
DA:1868,0
DA:1872,0
DA:1876,0
DA:1877,0
DA:1878,0
DA:1881,0
DA:1883,0
DA:1886,0
DA:1887,0
DA:1889,0
DA:1890,0
DA:1891,0
DA:1893,0
DA:1895,0
DA:1897,0
DA:1898,0
DA:1899,0
DA:1902,0
DA:1907,0
DA:1913,0
DA:1915,0
DA:1916,0
DA:1922,0
DA:1923,0
DA:1925,0
DA:1928,0
DA:1930,0
DA:1931,0
DA:1933,0
DA:1934,0
DA:1935,0
DA:1936,0
DA:1938,0
DA:1939,0
DA:1944,0
DA:1945,0
DA:1948,0
DA:1951,0
DA:1956,0
DA:1957,0
DA:1960,0
DA:1962,0
DA:1968,0
DA:1971,0
DA:1973,0
DA:1979,0
DA:1983,0
DA:1986,0
DA:1987,0
DA:1990,0
DA:1992,0
DA:1995,0
DA:2005,0
DA:2011,0
DA:2016,0
DA:2019,0
DA:2022,0
DA:2025,0
DA:2026,0
DA:2027,0
DA:2028,0
DA:2030,0
DA:2033,0
DA:2035,0
DA:2038,0
DA:2042,0
DA:2048,0
DA:2054,0
DA:2055,0
DA:2056,0
DA:2059,0
DA:2062,0
DA:2065,0
DA:2066,0
DA:2069,0
DA:2072,0
DA:2076,0
DA:2079,0
DA:2083,0
DA:2089,0
DA:2095,0
DA:2098,0
DA:2101,0
DA:2104,0
DA:2106,0
DA:2107,0
DA:2109,0
DA:2112,0
DA:2114,0
DA:2117,0
DA:2121,0
DA:2127,0
DA:2133,0
DA:2134,0
DA:2135,0
DA:2138,0
DA:2141,0
DA:2144,0
DA:2145,0
DA:2146,0
DA:2147,0
DA:2149,0
DA:2152,0
DA:2154,0
DA:2157,0
DA:2161,0
DA:2167,0
DA:2172,0
DA:2175,0
DA:2178,0
DA:2180,0
DA:2181,0
DA:2183,0
DA:2186,0
DA:2190,0
DA:2195,0
DA:2197,0
DA:2198,0
DA:2201,0
DA:2207,0
DA:2208,0
DA:2211,0
DA:2212,0
DA:2218,0
DA:2221,0
DA:2222,0
DA:2224,0
DA:2227,0
DA:2228,0
DA:2229,0
DA:2230,0
DA:2232,0
DA:2233,0
DA:2234,0
DA:2237,0
DA:2238,0
DA:2240,0
DA:2242,0
DA:2243,0
DA:2246,0
DA:2248,0
DA:2251,0
DA:2254,0
DA:2258,0
DA:2261,0
DA:2264,11
DA:2269,11
DA:2272,11
DA:2274,11
DA:2275,0
DA:2276,0
DA:2279,11
DA:2281,11
DA:2282,0
DA:2283,0
DA:2288,11
DA:2290,0
DA:2293,0
DA:2297,11
DA:2298,0
DA:2299,0
DA:2304,11
DA:2306,11
DA:2309,0
DA:2314,0
DA:2317,0
DA:2319,0
DA:2320,0
DA:2321,0
DA:2324,0
DA:2326,0
DA:2327,0
DA:2328,0
DA:2333,0
DA:2334,0
DA:2339,0
DA:2341,0
DA:2346,0
DA:2347,0
DA:2349,0
DA:2355,0
DA:2357,0
DA:2400,0
DA:2410,0
DA:2412,0
DA:2416,2
DA:2431,2
DA:2434,2
DA:2437,2
DA:2439,2
DA:2440,0
DA:2443,0
DA:2446,2
DA:2447,0
DA:2454,0
DA:2456,0
DA:2459,2
DA:2462,2
DA:2464,2
DA:2465,0
DA:2466,0
DA:2467,0
DA:2468,0
DA:2475,0
DA:2478,0
DA:2482,4
DA:2483,2
DA:2486,2
DA:2487,0
DA:2489,0
DA:2491,0
DA:2492,0
DA:2498,0
DA:2500,0
DA:2502,0
DA:2506,0
DA:2507,0
DA:2508,0
DA:2509,0
DA:2514,2
DA:2515,2
DA:2516,0
DA:2520,2
DA:2521,2
DA:2525,0
DA:2526,0
DA:2532,0
DA:2533,0
DA:2537,2
DA:2539,2
DA:2540,0
DA:2542,0
DA:2543,0
DA:2549,0
DA:2551,0
DA:2553,0
DA:2559,0
DA:2562,0
DA:2570,0
DA:2572,0
DA:2576,0
DA:2583,2
DA:2586,0
DA:2593,0
DA:2596,0
DA:2605,2
DA:2609,2
DA:2611,4
DA:2612,2
DA:2614,2
DA:2617,2
DA:2622,0
DA:2624,0
DA:2628,2
DA:2629,2
DA:2636,0
DA:2644,0
DA:2653,0
DA:2659,0
DA:2664,0
DA:2665,0
DA:2669,0
DA:2670,0
DA:2674,0
DA:2682,0
DA:2685,0
DA:2688,0
DA:2690,0
DA:2692,0
DA:2693,0
DA:2695,0
DA:2702,0
DA:2710,0
DA:2720,0
DA:2722,0
DA:2723,0
DA:2725,0
DA:2729,0
DA:2730,0
DA:2734,0
DA:2742,0
DA:2746,0
DA:2748,0
DA:2749,0
DA:2751,0
DA:2752,0
DA:2754,0
DA:2755,0
DA:2756,0
DA:2759,0
DA:2762,0
DA:2764,0
DA:2766,0
DA:2768,0
DA:2769,0
DA:2770,0
DA:2772,0
DA:2775,0
DA:2777,0
DA:2778,0
DA:2781,0
DA:2789,0
LF:965
LH:218
end_of_record
TN:
SF:/home/runner/work/covesa-dlt-daemon/covesa-dlt-daemon/src/daemon/dlt_daemon_common.c
FN:106,125,dlt_daemon_cmp_apid_ctid
FN:1122,1173,dlt_daemon_context_del
FN:1175,1210,dlt_daemon_context_find
FN:1212,1236,dlt_daemon_contexts_invalidate_fd
FN:1238,1270,dlt_daemon_contexts_clear
FN:127,146,dlt_daemon_find_users_list
FN:1272,1380,dlt_daemon_contexts_load
FN:1382,1434,dlt_daemon_contexts_save
FN:1436,1455,dlt_daemon_configuration_save
FN:1457,1522,dlt_daemon_configuration_load
FN:1524,1583,dlt_daemon_user_send_log_level
FN:1585,1612,dlt_daemon_user_send_log_state
FN:1614,1668,dlt_daemon_control_reset_to_factory_default
FN:1670,1702,dlt_daemon_user_send_default_update
FN:1704,1758,dlt_daemon_user_send_all_log_level_update
FN:1760,1794,dlt_daemon_user_send_all_trace_status_update
FN:1796,1823,dlt_daemon_user_send_all_log_state
FN:1825,1849,dlt_daemon_change_state
FN:233,288,dlt_daemon_init_runtime_configuration
FN:290,340,dlt_daemon_init
FN:342,378,dlt_daemon_free
FN:380,424,dlt_daemon_init_user_information
FN:426,450,dlt_daemon_applications_invalidate_fd
FN:452,486,dlt_daemon_applications_clear
FN:488,513,dlt_daemon_application_reset_user_handle
FN:515,681,dlt_daemon_application_add
FN:683,726,dlt_daemon_application_del
FN:728,760,dlt_daemon_application_find
FN:762,852,dlt_daemon_applications_load
FN:854,901,dlt_daemon_applications_save
FN:903,1083,dlt_daemon_context_add
FN:95,104,dlt_daemon_cmp_apid
FNDA:471,dlt_daemon_cmp_apid_ctid
FNDA:37,dlt_daemon_context_del
FNDA:156,dlt_daemon_context_find
FNDA:15,dlt_daemon_contexts_invalidate_fd
FNDA:10,dlt_daemon_contexts_clear
FNDA:472,dlt_daemon_find_users_list
FNDA:0,dlt_daemon_contexts_load
FNDA:0,dlt_daemon_contexts_save
FNDA:0,dlt_daemon_configuration_save
FNDA:9,dlt_daemon_configuration_load
FNDA:41,dlt_daemon_user_send_log_level
FNDA:9,dlt_daemon_user_send_log_state
FNDA:0,dlt_daemon_control_reset_to_factory_default
FNDA:0,dlt_daemon_user_send_default_update
FNDA:0,dlt_daemon_user_send_all_log_level_update
FNDA:0,dlt_daemon_user_send_all_trace_status_update
FNDA:5,dlt_daemon_user_send_all_log_state
FNDA:16,dlt_daemon_change_state
FNDA:9,dlt_daemon_init_runtime_configuration
FNDA:17,dlt_daemon_init
FNDA:9,dlt_daemon_free
FNDA:18,dlt_daemon_init_user_information
FNDA:15,dlt_daemon_applications_invalidate_fd
FNDA:10,dlt_daemon_applications_clear
FNDA:15,dlt_daemon_application_reset_user_handle
FNDA:10,dlt_daemon_application_add
FNDA:6,dlt_daemon_application_del
FNDA:149,dlt_daemon_application_find
FNDA:9,dlt_daemon_applications_load
FNDA:0,dlt_daemon_applications_save
FNDA:41,dlt_daemon_context_add
FNDA:0,dlt_daemon_cmp_apid
FNF:32
FNH:23
DA:95,0
DA:97,132
DA:103,132
DA:106,471
DA:108,471
DA:115,471
DA:117,471
DA:119,471
DA:120,471
DA:127,472
DA:131,472
DA:135,472
DA:136,0
DA:137,0
DA:140,474
DA:141,442
DA:142,440
DA:144,32
DA:145,32
DA:233,9
DA:235,9
DA:238,9
DA:242,9
DA:244,9
DA:250,9
DA:251,0
DA:252,0
DA:255,9
DA:256,9
DA:259,9
DA:263,9
DA:264,0
DA:265,0
DA:268,9
DA:269,9
DA:272,9
DA:276,9
DA:277,0
DA:278,0
DA:281,9
DA:282,9
DA:285,9
DA:287,9
DA:290,17
DA:300,17
DA:302,17
DA:305,17
DA:306,17
DA:308,17
DA:309,17
DA:310,17
DA:312,17
DA:314,17
DA:316,17
DA:318,17
DA:320,17
DA:321,17
DA:323,17
DA:326,17
DA:329,17
DA:335,17
DA:339,17
DA:342,9
DA:347,9
DA:349,9
DA:353,19
DA:354,10
DA:356,10
DA:358,10
DA:359,10
DA:363,9
DA:371,9
DA:372,9
DA:375,9
DA:377,9
DA:380,18
DA:388,18
DA:390,18
DA:393,18
DA:395,17
DA:397,17
DA:398,0
DA:399,0
DA:402,17
DA:403,17
DA:406,1
DA:409,1
DA:411,1
DA:412,0
DA:413,0
DA:416,1
DA:417,1
DA:419,2
DA:420,1
DA:426,15
DA:434,15
DA:436,15
DA:439,15
DA:441,15
DA:442,26
DA:443,11
DA:444,0
DA:452,10
DA:457,10
DA:459,10
DA:462,10
DA:464,10
DA:467,11
DA:468,1
DA:475,1
DA:476,1
DA:479,10
DA:480,7
DA:482,10
DA:483,10
DA:485,10
DA:488,15
DA:496,15
DA:499,6
DA:500,6
DA:501,6
DA:502,0
DA:503,0
DA:504,0
DA:508,6
DA:509,6
DA:511,6
DA:512,6
DA:515,10
DA:534,10
DA:537,10
DA:539,10
DA:542,10
DA:543,10
DA:544,10
DA:546,10
DA:553,10
DA:555,10
DA:556,10
DA:558,10
DA:559,10
DA:561,0
DA:562,0
DA:563,0
DA:564,0
DA:567,0
DA:568,0
DA:569,0
DA:570,0
DA:573,0
DA:575,0
DA:576,0
DA:580,10
DA:582,10
DA:583,10
DA:584,10
DA:585,10
DA:586,10
DA:587,10
DA:592,0
DA:595,0
DA:603,10
DA:604,0
DA:605,0
DA:608,10
DA:609,10
DA:611,10
DA:612,10
DA:614,0
DA:615,0
DA:616,0
DA:620,10
DA:621,9
DA:622,9
DA:626,10
DA:646,9
DA:647,0
DA:648,0
DA:656,9
DA:657,9
DA:659,9
DA:660,9
DA:661,9
DA:665,10
DA:666,10
DA:667,10
DA:672,10
DA:683,6
DA:691,6
DA:693,6
DA:696,6
DA:698,6
DA:701,6
DA:702,6
DA:705,6
DA:706,6
DA:707,6
DA:710,6
DA:713,6
DA:714,6
DA:715,6
DA:718,6
DA:722,6
DA:728,149
DA:736,149
DA:738,149
DA:739,149
DA:742,149
DA:744,149
DA:748,132
DA:749,132
DA:750,132
DA:754,132
DA:755,132
DA:756,132
DA:757,132
DA:762,9
DA:770,9
DA:772,9
DA:775,9
DA:777,9
DA:778,9
DA:782,9
DA:784,9
DA:787,0
DA:794,0
DA:797,0
DA:798,0
DA:801,0
DA:802,0
DA:803,0
DA:805,0
DA:807,0
DA:808,0
DA:811,0
DA:814,0
DA:815,0
DA:819,0
DA:821,0
DA:823,0
DA:824,0
DA:825,0
DA:827,0
DA:830,0
DA:835,0
DA:837,0
DA:841,0
DA:842,0
DA:849,0
DA:851,0
DA:854,0
DA:862,0
DA:864,0
DA:869,0
DA:871,0
DA:874,0
DA:875,0
DA:877,0
DA:878,0
DA:879,0
DA:881,0
DA:882,0
DA:891,0
DA:894,0
DA:903,41
DA:920,41
DA:922,41
DA:923,41
DA:926,41
DA:929,41
DA:932,41
DA:934,41
DA:937,41
DA:938,10
DA:940,10
DA:945,41
DA:947,41
DA:951,41
DA:953,41
DA:954,41
DA:956,41
DA:957,41
DA:959,0
DA:960,0
DA:961,0
DA:962,0
DA:965,0
DA:966,0
DA:967,0
DA:968,0
DA:971,0
DA:973,0
DA:974,0
DA:978,41
DA:981,41
DA:982,41
DA:984,41
DA:989,41
DA:990,0
DA:991,0
DA:994,41
DA:995,41
DA:997,41
DA:998,41
DA:1032,41
DA:1036,0
DA:1040,0
DA:1043,0
DA:1054,41
DA:1055,0
DA:1056,41
DA:1057,41
DA:1060,41
DA:1061,41
DA:1066,41
DA:1067,0
DA:1069,41
DA:1072,41
DA:1073,41
DA:1074,41
DA:1079,41
DA:1122,37
DA:1131,37
DA:1133,37
DA:1136,37
DA:1138,37
DA:1141,37
DA:1142,37
DA:1148,37
DA:1149,37
DA:1150,37
DA:1153,37
DA:1156,37
DA:1157,37
DA:1158,37
DA:1161,37
DA:1165,37
DA:1168,37
DA:1169,37
DA:1175,156
DA:1184,156
DA:1186,156
DA:1187,156
DA:1190,156
DA:1192,156
DA:1196,112
DA:1197,112
DA:1198,112
DA:1202,112
DA:1203,112
DA:1205,112
DA:1206,112
DA:1207,112
DA:1212,15
DA:1220,15
DA:1222,15
DA:1225,15
DA:1227,15
DA:1228,39
DA:1229,24
DA:1230,0
DA:1238,10
DA:1243,10
DA:1245,10
DA:1248,10
DA:1250,10
DA:1253,11
DA:1254,1
DA:1255,1
DA:1256,1
DA:1259,10
DA:1260,7
DA:1261,7
DA:1264,11
DA:1265,1
DA:1267,10
DA:1269,10
DA:1272,0
DA:1281,0
DA:1283,0
DA:1286,0
DA:1288,0
DA:1289,0
DA:1292,0
DA:1294,0
DA:1297,0
DA:1304,0
DA:1307,0
DA:1308,0
DA:1311,0
DA:1312,0
DA:1313,0
DA:1315,0
DA:1317,0
DA:1318,0
DA:1321,0
DA:1324,0
DA:1325,0
DA:1329,0
DA:1331,0
DA:1333,0
DA:1334,0
DA:1335,0
DA:1337,0
DA:1338,0
DA:1339,0
DA:1341,0
DA:1342,0
DA:1343,0
DA:1345,0
DA:1346,0
DA:1347,0
DA:1349,0
DA:1353,0
DA:1356,0
DA:1357,0
DA:1361,0
DA:1363,0
DA:1366,0
DA:1367,0
DA:1377,0
DA:1379,0
DA:1382,0
DA:1390,0
DA:1392,0
DA:1395,0
DA:1397,0
DA:1403,0
DA:1404,0
DA:1406,0
DA:1407,0
DA:1408,0
DA:1409,0
DA:1411,0
DA:1412,0
DA:1413,0
DA:1414,0
DA:1415,0
DA:1418,0
DA:1419,0
DA:1420,0
DA:1423,0
DA:1426,0
DA:1436,0
DA:1440,0
DA:1442,0
DA:1445,0
DA:1447,0
DA:1449,0
DA:1451,0
DA:1457,9
DA:1459,9
DA:1468,9
DA:1470,9
DA:1472,9
DA:1475,18
DA:1476,9
DA:1477,9
DA:1478,9
DA:1480,18
DA:1481,9
DA:1484,9
DA:1486,9
DA:1490,0
DA:1491,0
DA:1494,9
DA:1497,9
DA:1499,0
DA:1500,0
DA:1501,0
DA:1505,0
DA:1515,9
DA:1518,0
DA:1524,41
DA:1531,41
DA:1533,41
DA:1534,0
DA:1535,0
DA:1538,41
DA:1539,0
DA:1540,0
DA:1543,41
DA:1544,34
DA:1545,32
DA:1548,9
DA:1549,9
DA:1551,41
DA:1552,41
DA:1554,41
DA:1556,41
DA:1557,41
DA:1558,41
DA:1559,41
DA:1560,41
DA:1565,41
DA:1566,41
DA:1570,41
DA:1571,0
DA:1573,0
DA:1575,0
DA:1576,0
DA:1577,0
DA:1578,0
DA:1582,41
DA:1585,9
DA:1591,9
DA:1593,9
DA:1596,9
DA:1599,9
DA:1602,9
DA:1606,9
DA:1607,0
DA:1608,0
DA:1611,9
DA:1614,0
DA:1624,0
DA:1626,0
DA:1627,0
DA:1628,0
DA:1631,0
DA:1632,0
DA:1633,0
DA:1637,0
DA:1639,0
DA:1641,0
DA:1642,0
DA:1643,0
DA:1644,0
DA:1648,0
DA:1650,0
DA:1652,0
DA:1653,0
DA:1654,0
DA:1655,0
DA:1659,0
DA:1660,0
DA:1661,0
DA:1667,0
DA:1670,0
DA:1676,0
DA:1678,0
DA:1679,0
DA:1680,0
DA:1683,0
DA:1685,0
DA:1688,0
DA:1689,0
DA:1691,0
DA:1692,0
DA:1693,0
DA:1694,0
DA:1695,0
DA:1698,0
DA:1704,0
DA:1714,0
DA:1716,0
DA:1719,0
DA:1721,0
DA:1724,0
DA:1725,0
DA:1727,0
DA:1728,0
DA:1729,0
DA:1731,0
DA:1742,0
DA:1743,0
DA:1747,0
DA:1750,0
DA:1752,0
DA:1753,0
DA:1754,0
DA:1760,0
DA:1766,0
DA:1768,0
DA:1771,0
DA:1773,0
DA:1776,0
DA:1778,0
DA:1779,0
DA:1781,0
DA:1782,0
DA:1783,0
DA:1785,0
DA:1786,0
DA:1788,0
DA:1789,0
DA:1790,0
DA:1796,5
DA:1802,5
DA:1804,5
DA:1805,0
DA:1806,0
DA:1809,5
DA:1811,5
DA:1814,7
DA:1815,2
DA:1817,2
DA:1818,2
DA:1819,2
DA:1820,0
DA:1825,16
DA:1827,16
DA:1828,0
DA:1829,0
DA:1830,0
DA:1831,0
DA:1832,12
DA:1833,12
DA:1834,12
DA:1835,12
DA:1836,0
DA:1837,0
DA:1838,0
DA:1839,0
DA:1840,2
DA:1841,2
DA:1842,2
DA:1843,2
DA:1844,2
DA:1845,2
DA:1846,2
DA:1847,2
DA:1849,16
LF:623
LH:351
end_of_record
TN:
SF:/home/runner/work/covesa-dlt-daemon/covesa-dlt-daemon/src/daemon/dlt_daemon_connection.c
FN:110,134,dlt_connection_send_multiple
FN:148,154,dlt_connection_get_next
FN:156,176,dlt_connection_destroy_receiver
FN:192,266,dlt_connection_get_receiver
FN:279,333,dlt_connection_get_callback
FN:344,350,dlt_connection_destroy
FN:367,440,dlt_connection_create
FN:68,94,dlt_connection_send
FNDA:219,dlt_connection_send_multiple
FNDA:2,dlt_connection_get_next
FNDA:49,dlt_connection_destroy_receiver
FNDA:48,dlt_connection_get_receiver
FNDA:1213,dlt_connection_get_callback
FNDA:48,dlt_connection_destroy
FNDA:47,dlt_connection_create
FNDA:436,dlt_connection_send
FNF:8
FNH:8
DA:68,436
DA:75,436
DA:76,436
DA:78,436
DA:79,1
DA:81,1
DA:86,434
DA:87,434
DA:90,434
DA:110,219
DA:119,219
DA:122,218
DA:123,1
DA:127,218
DA:128,218
DA:130,218
DA:131,214
DA:148,2
DA:150,3
DA:151,1
DA:153,2
DA:156,49
DA:158,49
DA:161,49
DA:165,9
DA:166,9
DA:167,9
DA:168,9
DA:169,9
DA:170,36
DA:171,36
DA:172,36
DA:173,36
DA:174,36
DA:192,48
DA:200,48
DA:201,25
DA:208,25
DA:210,25
DA:211,25
DA:214,1
DA:215,1
DA:217,1
DA:218,1
DA:221,9
DA:222,9
DA:226,9
DA:227,9
DA:230,0
DA:234,9
DA:235,9
DA:242,10
DA:251,10
DA:253,10
DA:254,10
DA:257,3
DA:259,3
DA:260,3
DA:265,48
DA:279,1213
DA:284,1213
DA:285,1213
DA:287,1213
DA:291,6
DA:293,6
DA:294,0
DA:296,0
DA:302,1182
DA:304,1182
DA:305,11
DA:307,11
DA:308,0
DA:310,0
DA:316,2
DA:318,2
DA:319,5
DA:321,5
DA:322,3
DA:324,3
DA:325,0
DA:327,0
DA:328,0
DA:332,1213
DA:344,48
DA:346,48
DA:347,48
DA:348,48
DA:349,48
DA:350,48
DA:367,47
DA:375,47
DA:379,47
DA:387,47
DA:389,47
DA:390,0
DA:391,0
DA:396,47
DA:398,47
DA:399,0
DA:401,0
DA:402,0
DA:406,47
DA:407,47
DA:416,47
DA:417,20
DA:420,20
DA:421,1
DA:422,1
DA:427,46
DA:429,46
DA:431,10
DA:433,46
DA:434,46
DA:439,46
LF:114
LH:101
end_of_record
TN:
SF:/home/runner/work/covesa-dlt-daemon/covesa-dlt-daemon/src/daemon/dlt_daemon_event_handler.c
FN:110,133,dlt_event_handler_enable_fd
FN:143,169,dlt_event_handler_disable_fd
FN:183,275,dlt_daemon_handle_event
FN:288,299,dlt_event_handler_find_connection
FN:311,343,dlt_daemon_remove_connection
FN:351,367,dlt_event_handler_cleanup_connections
FN:376,386,dlt_daemon_add_connection
FN:401,444,dlt_connection_check_activate
FN:462,487,dlt_event_handler_register_connection
FN:503,537,dlt_event_handler_unregister_connection
FN:78,99,dlt_daemon_prepare_event_handling
FNDA:49,dlt_event_handler_enable_fd
FNDA:7,dlt_event_handler_disable_fd
FNDA:1223,dlt_daemon_handle_event
FNDA:1122,dlt_event_handler_find_connection
FNDA:47,dlt_daemon_remove_connection
FNDA:10,dlt_event_handler_cleanup_connections
FNDA:6,dlt_daemon_add_connection
FNDA:57,dlt_connection_check_activate
FNDA:49,dlt_event_handler_register_connection
FNDA:7,dlt_event_handler_unregister_connection
FNDA:16,dlt_daemon_prepare_event_handling
FNF:11
FNH:11
DA:65,293
DA:66,293
DA:67,293
DA:68,7
DA:78,16
DA:82,16
DA:85,15
DA:87,15
DA:88,0
DA:89,0
DA:92,255
DA:93,240
DA:95,15
DA:96,15
DA:98,15
DA:110,49
DA:112,49
DA:113,2
DA:114,2
DA:115,2
DA:117,2
DA:118,0
DA:120,0
DA:123,2
DA:124,2
DA:126,2
DA:127,0
DA:130,49
DA:131,49
DA:132,49
DA:143,7
DA:147,7
DA:149,36
DA:150,29
DA:152,7
DA:153,7
DA:156,29
DA:157,22
DA:160,7
DA:161,0
DA:162,0
DA:163,0
DA:169,7
DA:183,1223
DA:191,1223
DA:194,1222
DA:196,1222
DA:200,10
DA:203,1
DA:204,0
DA:206,10
DA:213,6299
DA:218,5087
DA:219,3872
DA:221,1215
DA:223,1215
DA:224,1215
DA:225,1215
DA:228,0
DA:229,0
DA:233,1215
DA:236,2
DA:241,2
DA:243,0
DA:247,2
DA:251,1213
DA:253,1213
DA:254,0
DA:257,0
DA:261,1213
DA:265,0
DA:267,0
DA:288,1122
DA:290,2342
DA:292,4715
DA:293,4667
DA:294,1074
DA:295,2373
DA:311,47
DA:314,47
DA:317,47
DA:321,70
DA:323,23
DA:326,47
DA:328,0
DA:329,0
DA:331,47
DA:333,41
DA:336,6
DA:340,47
DA:342,47
DA:351,10
DA:355,10
DA:359,50
DA:361,40
DA:363,49
DA:364,39
DA:366,10
DA:376,6
DA:380,50
DA:382,143
DA:383,93
DA:385,50
DA:386,6
DA:401,57
DA:405,57
DA:406,1
DA:407,1
DA:410,56
DA:411,7
DA:413,7
DA:414,7
DA:416,7
DA:418,7
DA:419,0
DA:421,7
DA:425,49
DA:427,49
DA:428,49
DA:430,49
DA:431,49
DA:434,49
DA:438,0
DA:439,0
DA:440,0
DA:462,49
DA:467,49
DA:468,1
DA:469,1
DA:472,4
DA:474,48
DA:476,4
DA:479,48
DA:481,48
DA:482,48
DA:484,48
DA:503,7
DA:507,7
DA:513,2
DA:515,7
DA:516,1
DA:517,1
DA:520,6
DA:522,3
DA:524,3
DA:525,0
DA:526,0
DA:530,6
DA:533,0
DA:536,6
LF:150
LH:125
end_of_record
TN:
SF:/home/runner/work/covesa-dlt-daemon/covesa-dlt-daemon/src/daemon/dlt_daemon_offline_logstorage.c
FN:1014,1080,dlt_daemon_logstorage_write
FN:1093,1131,dlt_daemon_logstorage_setup_internal_storage
FN:1133,1137,dlt_daemon_logstorage_set_logstorage_cache_size
FN:1139,1172,dlt_daemon_logstorage_cleanup
FN:1174,1234,dlt_daemon_logstorage_sync_cache
FN:121,147,dlt_logstorage_split_apid_ctid
FN:1236,1266,dlt_daemon_logstorage_get_device
FN:161,190,dlt_logstorage_split_ecuid_apid
FN:205,247,dlt_logstorage_split_multi
FN:263,297,dlt_logstorage_split_key
FN:309,355,dlt_daemon_logstorage_update_passive_node_context
FN:371,416,dlt_daemon_logstorage_send_log_level
FN:43,57,dlt_logstorage_split_ecuid
FN:433,469,dlt_daemon_logstorage_reset_log_level
FN:485,526,dlt_daemon_logstorage_force_reset_level
FN:547,599,dlt_logstorage_update_all_contexts
FN:618,677,dlt_logstorage_update_context
FN:691,769,dlt_logstorage_update_context_loglevel
FN:71,83,dlt_logstorage_split_ctid
FN:786,858,dlt_daemon_logstorage_reset_application_loglevel
FN:873,932,dlt_daemon_logstorage_update_application_loglevel
FN:946,995,dlt_daemon_logstorage_get_loglevel
FN:96,108,dlt_logstorage_split_apid
FNDA:5839,dlt_daemon_logstorage_write
FNDA:8,dlt_daemon_logstorage_setup_internal_storage
FNDA:10,dlt_daemon_logstorage_set_logstorage_cache_size
FNDA:8,dlt_daemon_logstorage_cleanup
FNDA:4,dlt_daemon_logstorage_sync_cache
FNDA:1,dlt_logstorage_split_apid_ctid
FNDA:5,dlt_daemon_logstorage_get_device
FNDA:1,dlt_logstorage_split_ecuid_apid
FNDA:34,dlt_logstorage_split_multi
FNDA:42,dlt_logstorage_split_key
FNDA:0,dlt_daemon_logstorage_update_passive_node_context
FNDA:2,dlt_daemon_logstorage_send_log_level
FNDA:0,dlt_logstorage_split_ecuid
FNDA:1,dlt_daemon_logstorage_reset_log_level
FNDA:0,dlt_daemon_logstorage_force_reset_level
FNDA:4,dlt_logstorage_update_all_contexts
FNDA:38,dlt_logstorage_update_context
FNDA:37,dlt_logstorage_update_context_loglevel
FNDA:0,dlt_logstorage_split_ctid
FNDA:2,dlt_daemon_logstorage_reset_application_loglevel
FNDA:10,dlt_daemon_logstorage_update_application_loglevel
FNDA:35,dlt_daemon_logstorage_get_loglevel
FNDA:1,dlt_logstorage_split_apid
FNF:23
FNH:19
DA:43,0
DA:49,0
DA:52,0
DA:56,0
DA:71,0
DA:76,0
DA:79,0
DA:82,0
DA:96,1
DA:101,1
DA:104,1
DA:107,1
DA:121,1
DA:128,1
DA:132,1
DA:134,1
DA:139,1
DA:141,1
DA:146,1
DA:161,1
DA:169,1
DA:173,1
DA:175,1
DA:180,1
DA:182,1
DA:189,1
DA:205,34
DA:213,34
DA:216,34
DA:218,34
DA:221,34
DA:223,34
DA:226,0
DA:228,0
DA:235,34
DA:237,34
DA:240,34
DA:242,34
DA:263,42
DA:269,42
DA:272,37
DA:274,37
DA:276,37
DA:280,37
DA:281,0
DA:283,37
DA:284,0
DA:286,37
DA:287,1
DA:289,36
DA:290,1
DA:292,35
DA:293,1
DA:296,34
DA:309,0
DA:317,0
DA:318,0
DA:321,0
DA:323,0
DA:324,0
DA:325,0
DA:326,0
DA:329,0
DA:331,0
DA:332,0
DA:335,0
DA:338,0
DA:339,0
DA:341,0
DA:342,0
DA:344,0
DA:346,0
DA:347,0
DA:351,0
DA:371,2
DA:381,2
DA:382,2
DA:383,0
DA:384,0
DA:387,2
DA:388,2
DA:390,2
DA:393,2
DA:394,2
DA:395,0
DA:396,0
DA:402,0
DA:404,0
DA:406,0
DA:407,0
DA:408,0
DA:409,0
DA:433,1
DA:440,1
DA:441,1
DA:442,0
DA:443,0
DA:447,1
DA:449,1
DA:450,1
DA:451,1
DA:454,0
DA:455,0
DA:459,0
DA:460,0
DA:461,0
DA:485,0
DA:496,0
DA:498,0
DA:499,0
DA:500,0
DA:501,0
DA:504,0
DA:505,0
DA:507,0
DA:511,0
DA:512,0
DA:515,0
DA:518,0
DA:519,0
DA:521,0
DA:523,0
DA:547,4
DA:557,4
DA:559,4
DA:560,3
DA:562,1
DA:563,1
DA:566,3
DA:568,3
DA:571,3
DA:572,0
DA:573,0
DA:574,0
DA:575,0
DA:578,0
DA:580,0
DA:581,0
DA:582,0
DA:584,0
DA:589,0
DA:591,0
DA:618,38
DA:628,38
DA:629,37
DA:630,1
DA:631,1
DA:634,37
DA:636,37
DA:637,3
DA:638,2
DA:645,1
DA:653,34
DA:656,0
DA:665,34
DA:671,34
DA:691,37
DA:698,37
DA:699,37
DA:700,37
DA:702,37
DA:704,37
DA:707,36
DA:708,0
DA:710,0
DA:713,36
DA:714,2
DA:717,36
DA:720,0
DA:729,36
DA:732,1
DA:742,35
DA:746,0
DA:757,35
DA:786,2
DA:795,2
DA:799,2
DA:801,2
DA:802,1
DA:803,2
DA:806,2
DA:809,0
DA:811,0
DA:812,0
DA:817,0
DA:818,0
DA:820,0
DA:824,0
DA:825,0
DA:833,0
DA:840,0
DA:844,0
DA:845,0
DA:847,0
DA:848,0
DA:850,0
DA:851,0
DA:873,10
DA:880,10
DA:884,10
DA:886,10
DA:888,1
DA:891,1
DA:894,9
DA:896,9
DA:897,9
DA:902,9
DA:903,44
DA:905,70
DA:909,35
DA:910,35
DA:914,35
DA:915,35
DA:917,0
DA:918,0
DA:922,35
DA:928,35
DA:946,35
DA:951,35
DA:958,35
DA:961,68
DA:962,34
DA:964,34
DA:968,34
DA:970,34
DA:971,1
DA:972,1
DA:975,66
DA:977,33
DA:978,0
DA:982,33
DA:983,0
DA:984,0
DA:987,33
DA:988,33
DA:994,34
DA:1014,5839
DA:1027,5839
DA:1028,5838
DA:1029,5838
DA:1030,1
DA:1033,1
DA:1038,5838
DA:1039,5838
DA:1040,5838
DA:1041,5838
DA:1042,5838
DA:1043,5838
DA:1045,11676
DA:1046,5838
DA:1048,5838
DA:1049,5838
DA:1058,0
DA:1063,0
DA:1064,0
DA:1067,5838
DA:1068,5838
DA:1072,0
DA:1093,8
DA:1100,8
DA:1102,8
DA:1107,7
DA:1109,7
DA:1110,0
DA:1111,0
DA:1115,7
DA:1120,7
DA:1122,0
DA:1125,0
DA:1133,10
DA:1136,10
DA:1137,10
DA:1139,8
DA:1145,8
DA:1147,8
DA:1150,14
DA:1152,7
DA:1155,6
DA:1156,6
DA:1157,6
DA:1158,6
DA:1159,6
DA:1160,6
DA:1161,6
DA:1162,6
DA:1163,6
DA:1164,6
DA:1166,6
DA:1174,4
DA:1182,4
DA:1184,4
DA:1187,3
DA:1188,3
DA:1193,3
DA:1197,3
DA:1198,3
DA:1199,3
DA:1200,3
DA:1201,3
DA:1202,3
DA:1203,3
DA:1204,3
DA:1205,3
DA:1206,3
DA:1208,3
DA:1214,0
DA:1215,0
DA:1217,0
DA:1218,0
DA:1219,0
DA:1220,0
DA:1221,0
DA:1222,0
DA:1223,0
DA:1224,0
DA:1225,0
DA:1226,0
DA:1228,0
DA:1236,5
DA:1246,5
DA:1248,5
DA:1251,4
DA:1253,4
DA:1254,4
DA:1259,4
DA:1261,4
DA:1262,4
LF:327
LH:204
end_of_record
TN:
SF:/home/runner/work/covesa-dlt-daemon/covesa-dlt-daemon/src/daemon/dlt_daemon_serial.c
FN:69,98,dlt_daemon_serial_send
FNDA:0,dlt_daemon_serial_send
FNF:1
FNH:0
DA:69,0
DA:77,0
DA:78,0
DA:85,0
DA:86,0
DA:91,0
DA:92,0
LF:7
LH:0
end_of_record
TN:
SF:/home/runner/work/covesa-dlt-daemon/covesa-dlt-daemon/src/daemon/dlt_daemon_socket.c
FN:162,167,dlt_daemon_socket_close
FN:169,203,dlt_daemon_socket_send
FN:205,216,dlt_daemon_socket_get_send_qeue_max_size
FN:218,246,dlt_daemon_socket_sendreliable
FN:62,160,dlt_daemon_socket_open
FNDA:0,dlt_daemon_socket_close
FNDA:11,dlt_daemon_socket_send
FNDA:9,dlt_daemon_socket_get_send_qeue_max_size
FNDA:456,dlt_daemon_socket_sendreliable
FNDA:9,dlt_daemon_socket_open
FNF:5
FNH:4
DA:62,9
DA:64,9
DA:71,9
DA:72,0
DA:73,0
DA:75,0
DA:89,9
DA:92,9
DA:93,0
DA:94,0
DA:99,0
DA:106,9
DA:107,9
DA:109,9
DA:110,9
DA:112,0
DA:124,0
DA:125,0
DA:126,0
DA:132,0
DA:135,9
DA:136,0
DA:137,0
DA:138,0
DA:140,0
DA:144,9
DA:147,9
DA:150,9
DA:151,0
DA:152,0
DA:156,0
DA:162,0
DA:164,0
DA:166,0
DA:169,11
DA:179,11
DA:180,0
DA:184,0
DA:190,11
DA:191,11
DA:193,11
DA:198,11
DA:199,11
DA:205,9
DA:207,9
DA:208,9
DA:209,9
DA:210,0
DA:212,0
DA:215,9
DA:218,456
DA:222,912
DA:223,456
DA:225,456
DA:228,456
DA:229,0
DA:230,0
DA:239,0
DA:241,456
LF:59
LH:31
end_of_record
TN:
SF:/home/runner/work/covesa-dlt-daemon/covesa-dlt-daemon/src/daemon/dlt_daemon_unix_socket.c
FN:179,188,dlt_daemon_unix_socket_close
FN:87,177,dlt_daemon_unix_socket_open
FNDA:0,dlt_daemon_unix_socket_close
FNDA:9,dlt_daemon_unix_socket_open
FNF:2
FNH:1
DA:87,9
DA:92,9
DA:93,0
DA:94,0
DA:139,9
DA:140,0
DA:141,0
DA:145,9
DA:148,9
DA:149,8
DA:150,8
DA:154,9
DA:156,9
DA:157,0
DA:158,0
DA:159,0
DA:162,9
DA:163,0
DA:164,0
DA:165,0
DA:169,9
DA:176,9
DA:179,0
DA:181,0
DA:183,0
DA:184,0
DA:187,0
LF:27
LH:12
end_of_record
TN:
SF:/home/runner/work/covesa-dlt-daemon/covesa-dlt-daemon/src/gateway/dlt_gateway.c
FN:1051,1068,dlt_gateway_get_connection_receiver
FN:1080,1194,dlt_gateway_parse_get_log_info
FN:1206,1245,dlt_gateway_parse_get_default_log_level
FN:1255,1280,dlt_gateway_control_service_logstorage
FN:1282,1493,dlt_gateway_process_passive_node_messages
FN:136,150,dlt_gateway_check_ecu
FN:1495,1530,dlt_gateway_process_gateway_timer
FN:1532,1608,dlt_gateway_forward_control_message
FN:159,181,dlt_gateway_check_connect_trigger
FN:1610,1676,dlt_gateway_process_on_demand_request
FN:1678,1755,dlt_gateway_send_control_message
FN:1757,1781,dlt_gateway_get_connection
FN:190,205,dlt_gateway_check_timeout
FN:214,228,dlt_gateway_check_interval
FN:237,248,dlt_gateway_check_send_serial
FN:256,285,dlt_gateway_allocate_control_messages
FN:294,352,dlt_gateway_check_control_messages
FN:361,473,dlt_gateway_check_periodic_control_messages
FN:541,554,dlt_gateway_check_general_param
FN:565,579,dlt_gateway_check_param
FN:57,89,dlt_gateway_check_ip
FN:589,647,dlt_gateway_store_connection
FN:657,829,dlt_gateway_configure
FN:831,863,dlt_gateway_init
FN:865,894,dlt_gateway_deinit
FN:904,959,dlt_gateway_add_to_event_loop
FN:961,1049,dlt_gateway_establish_connections
FN:98,127,dlt_gateway_check_port
FNDA:6,dlt_gateway_get_connection_receiver
FNDA:3,dlt_gateway_parse_get_log_info
FNDA:0,dlt_gateway_parse_get_default_log_level
FNDA:1,dlt_gateway_control_service_logstorage
FNDA:5,dlt_gateway_process_passive_node_messages
FNDA:6,dlt_gateway_check_ecu
FNDA:2,dlt_gateway_process_gateway_timer
FNDA:0,dlt_gateway_forward_control_message
FNDA:7,dlt_gateway_check_connect_trigger
FNDA:3,dlt_gateway_process_on_demand_request
FNDA:12,dlt_gateway_send_control_message
FNDA:0,dlt_gateway_get_connection
FNDA:7,dlt_gateway_check_timeout
FNDA:0,dlt_gateway_check_interval
FNDA:6,dlt_gateway_check_send_serial
FNDA:17,dlt_gateway_allocate_control_messages
FNDA:6,dlt_gateway_check_control_messages
FNDA:2,dlt_gateway_check_periodic_control_messages
FNDA:0,dlt_gateway_check_general_param
FNDA:32,dlt_gateway_check_param
FNDA:7,dlt_gateway_check_ip
FNDA:7,dlt_gateway_store_connection
FNDA:5,dlt_gateway_configure
FNDA:4,dlt_gateway_init
FNDA:10,dlt_gateway_deinit
FNDA:3,dlt_gateway_add_to_event_loop
FNDA:6,dlt_gateway_establish_connections
FNDA:9,dlt_gateway_check_port
FNF:28
FNH:23
DA:57,7
DA:59,7
DA:60,1
DA:61,1
DA:67,6
DA:74,6
DA:75,6
DA:77,6
DA:78,0
DA:79,0
DA:85,0
DA:88,0
DA:98,9
DA:103,9
DA:104,1
DA:105,1
DA:108,8
DA:109,8
DA:110,8
DA:111,8
DA:112,0
DA:113,0
DA:117,8
DA:119,6
DA:120,6
DA:123,2
DA:126,2
DA:136,6
DA:139,6
DA:140,1
DA:141,1
DA:144,5
DA:146,5
DA:147,0
DA:159,7
DA:162,7
DA:163,1
DA:164,1
DA:167,6
DA:168,5
DA:170,1
DA:172,0
DA:175,1
DA:176,1
DA:177,1
DA:190,7
DA:193,7
DA:194,1
DA:195,1
DA:198,6
DA:201,6
DA:202,5
DA:214,0
DA:217,0
DA:218,0
DA:219,0
DA:222,0
DA:224,0
DA:225,0
DA:237,6
DA:240,6
DA:241,1
DA:242,1
DA:245,5
DA:247,5
DA:256,17
DA:258,17
DA:259,1
DA:260,1
DA:263,16
DA:264,7
DA:266,7
DA:267,0
DA:269,0
DA:273,9
DA:275,9
DA:276,0
DA:278,0
DA:281,9
DA:294,6
DA:299,6
DA:302,6
DA:303,1
DA:304,1
DA:307,5
DA:311,5
DA:313,18
DA:314,13
DA:315,0
DA:317,0
DA:320,13
DA:321,13
DA:322,13
DA:323,13
DA:324,13
DA:326,13
DA:329,13
DA:330,0
DA:333,0
DA:335,13
DA:338,0
DA:341,0
DA:344,13
DA:348,5
DA:349,5
DA:351,5
DA:361,2
DA:366,2
DA:369,2
DA:370,1
DA:371,1
DA:374,1
DA:378,1
DA:381,1
DA:383,3
DA:385,2
DA:388,2
DA:390,2
DA:391,2
DA:394,2
DA:397,3
DA:398,1
DA:399,0
DA:400,0
DA:402,0
DA:403,0
DA:411,1
DA:415,2
DA:417,2
DA:420,2
DA:421,1
DA:424,0
DA:427,2
DA:428,0
DA:430,0
DA:433,2
DA:434,2
DA:435,2
DA:436,2
DA:437,2
DA:439,2
DA:440,0
DA:445,2
DA:446,1
DA:450,2
DA:451,0
DA:454,0
DA:456,2
DA:459,0
DA:462,0
DA:465,2
DA:469,1
DA:470,1
DA:472,1
DA:541,0
DA:545,0
DA:546,0
DA:547,0
DA:550,0
DA:551,0
DA:565,32
DA:570,32
DA:571,1
DA:572,1
DA:575,31
DA:576,31
DA:589,7
DA:595,7
DA:597,7
DA:598,2
DA:599,2
DA:603,5
DA:604,5
DA:607,0
DA:611,5
DA:612,5
DA:613,5
DA:614,5
DA:615,5
DA:616,5
DA:617,5
DA:618,5
DA:619,5
DA:620,5
DA:621,5
DA:622,5
DA:623,5
DA:625,5
DA:628,0
DA:629,0
DA:630,0
DA:631,0
DA:632,0
DA:633,0
DA:634,0
DA:635,0
DA:639,5
DA:640,5
DA:641,0
DA:643,0
DA:657,5
DA:662,5
DA:664,5
DA:666,5
DA:667,1
DA:668,1
DA:672,4
DA:673,4
DA:678,4
DA:679,4
DA:680,0
DA:681,0
DA:682,0
DA:685,4
DA:686,4
DA:691,4
DA:692,4
DA:701,0
DA:704,4
DA:707,4
DA:708,0
DA:709,0
DA:710,0
DA:713,8
DA:718,4
DA:719,4
DA:724,4
DA:725,4
DA:727,4
DA:728,4
DA:729,0
DA:730,0
DA:733,4
DA:735,0
DA:736,0
DA:738,0
DA:741,0
DA:743,0
DA:746,0
DA:750,0
DA:753,0
DA:757,0
DA:759,0
DA:760,0
DA:766,36
DA:767,32
DA:769,32
DA:772,32
DA:774,4
DA:777,4
DA:781,0
DA:785,0
DA:789,28
DA:791,28
DA:792,0
DA:798,4
DA:802,4
DA:803,0
DA:809,4
DA:811,4
DA:812,0
DA:817,4
DA:818,4
DA:821,4
DA:822,4
DA:827,4
DA:828,4
DA:831,4
DA:833,4
DA:835,4
DA:836,1
DA:837,1
DA:840,3
DA:844,3
DA:845,3
DA:847,3
DA:848,3
DA:850,0
DA:851,0
DA:860,3
DA:862,3
DA:865,10
DA:870,10
DA:871,0
DA:872,0
DA:875,10
DA:877,12
DA:878,2
DA:879,2
DA:880,2
DA:881,2
DA:882,2
DA:883,2
DA:885,6
DA:886,4
DA:887,4
DA:888,4
DA:892,10
DA:893,10
DA:904,3
DA:911,3
DA:912,0
DA:913,0
DA:917,3
DA:918,3
DA:919,3
DA:920,3
DA:923,3
DA:928,0
DA:929,0
DA:933,3
DA:935,9
DA:936,6
DA:938,6
DA:942,6
DA:946,6
DA:947,0
DA:948,0
DA:949,0
DA:951,6
DA:955,3
DA:956,3
DA:958,3
DA:961,6
DA:968,6
DA:970,6
DA:971,1
DA:972,1
DA:975,10
DA:976,5
DA:979,5
DA:980,5
DA:982,5
DA:984,5
DA:986,3
DA:987,0
DA:988,0
DA:992,2
DA:995,2
DA:997,2
DA:998,0
DA:999,0
DA:1000,0
DA:1005,2
DA:1006,2
DA:1010,0
DA:1011,0
DA:1014,0
DA:1019,0
DA:1020,0
DA:1024,0
DA:1026,0
DA:1027,0
DA:1029,0
DA:1033,0
DA:1036,0
DA:1040,0
DA:1041,0
DA:1043,0
DA:1044,0
DA:1051,6
DA:1055,6
DA:1056,1
DA:1057,1
DA:1060,6
DA:1061,5
DA:1063,5
DA:1064,4
DA:1080,3
DA:1086,3
DA:1093,3
DA:1095,3
DA:1096,1
DA:1097,1
DA:1100,2
DA:1104,1
DA:1106,0
DA:1107,0
DA:1108,0
DA:1112,0
DA:1113,0
DA:1114,0
DA:1119,1
DA:1123,0
DA:1124,0
DA:1128,1
DA:1130,1
DA:1131,0
DA:1133,0
DA:1136,1
DA:1137,0
DA:1138,0
DA:1139,0
DA:1142,1
DA:1143,0
DA:1144,0
DA:1145,0
DA:1148,2
DA:1149,1
DA:1152,1
DA:1159,0
DA:1162,0
DA:1163,0
DA:1166,2
DA:1167,1
DA:1170,1
DA:1173,1
DA:1174,1
DA:1180,0
DA:1184,0
DA:1185,0
DA:1191,1
DA:1193,1
DA:1206,0
DA:1215,0
DA:1217,0
DA:1218,0
DA:1219,0
DA:1222,0
DA:1224,0
DA:1225,0
DA:1229,0
DA:1231,0
DA:1235,0
DA:1236,0
DA:1239,0
DA:1242,0
DA:1244,0
DA:1255,1
DA:1262,1
DA:1263,1
DA:1265,1
DA:1268,0
DA:1269,0
DA:1271,0
DA:1273,0
DA:1282,5
DA:1290,5
DA:1293,5
DA:1294,1
DA:1295,1
DA:1298,4
DA:1307,4
DA:1308,4
DA:1313,4
DA:1314,0
DA:1315,0
DA:1319,4
DA:1320,0
DA:1322,0
DA:1326,4
DA:1328,1
DA:1329,0
DA:1330,0
DA:1333,1
DA:1335,1
DA:1336,1
DA:1337,1
DA:1338,1
DA:1341,0
DA:1343,0
DA:1346,0
DA:1349,1
DA:1352,14
DA:1353,14
DA:1354,14
DA:1356,14
DA:1363,11
DA:1366,11
DA:1368,11
DA:1376,11
DA:1377,11
DA:1380,11
DA:1381,1
DA:1382,1
DA:1383,1
DA:1386,1
DA:1388,1
DA:1391,1
DA:1396,1
DA:1397,1
DA:1400,0
DA:1403,10
DA:1405,0
DA:1411,0
DA:1416,11
DA:1418,0
DA:1419,0
DA:1422,11
DA:1428,11
DA:1429,11
DA:1433,0
DA:1441,0
DA:1442,0
DA:1444,0
DA:1448,0
DA:1450,0
DA:1459,11
DA:1460,0
DA:1461,0
DA:1462,0
DA:1463,0
DA:1466,0
DA:1467,0
DA:1470,11
DA:1471,11
DA:1472,11
DA:1475,0
DA:1476,0
DA:1480,3
DA:1481,0
DA:1483,3
DA:1485,0
DA:1486,0
DA:1489,3
DA:1495,2
DA:1500,2
DA:1503,2
DA:1505,2
DA:1506,1
DA:1509,1
DA:1512,1
DA:1514,1
DA:1515,1
DA:1518,1
DA:1523,1
DA:1527,1
DA:1529,1
DA:1532,0
DA:1544,0
DA:1546,0
DA:1547,0
DA:1548,0
DA:1551,0
DA:1552,0
DA:1561,0
DA:1562,0
DA:1563,0
DA:1566,0
DA:1567,0
DA:1568,0
DA:1571,0
DA:1572,0
DA:1577,0
DA:1578,0
DA:1579,0
DA:1583,0
DA:1585,0
DA:1588,0
DA:1589,0
DA:1590,0
DA:1593,0
DA:1595,0
DA:1596,0
DA:1597,0
DA:1601,0
DA:1602,0
DA:1604,0
DA:1607,0
DA:1610,3
DA:1619,3
DA:1621,3
DA:1622,1
DA:1623,1
DA:1627,2
DA:1628,2
DA:1634,2
DA:1635,0
DA:1636,0
DA:1639,2
DA:1641,2
DA:1642,1
DA:1644,0
DA:1645,0
DA:1646,0
DA:1650,1
DA:1651,1
DA:1655,1
DA:1658,0
DA:1661,0
DA:1662,0
DA:1664,0
DA:1667,0
DA:1671,0
DA:1672,0
DA:1678,12
DA:1685,12
DA:1687,12
DA:1688,1
DA:1691,1
DA:1695,11
DA:1700,11
DA:1701,0
DA:1704,0
DA:1706,0
DA:1711,11
DA:1712,0
DA:1717,0
DA:1718,0
DA:1719,0
DA:1723,11
DA:1724,4
DA:1725,4
DA:1727,1
DA:1728,1
DA:1730,4
DA:1731,4
DA:1733,2
DA:1735,2
DA:1736,1
DA:1739,1
DA:1743,1
DA:1744,1
DA:1745,1
DA:1746,1
DA:1748,0
DA:1749,0
DA:1754,0
DA:1757,0
DA:1764,0
DA:1766,0
DA:1767,0
DA:1768,0
DA:1771,0
DA:1772,0
DA:1774,0
DA:1775,0
DA:1778,0
DA:1780,0
LF:629
LH:383
end_of_record
TN:
SF:/home/runner/work/covesa-dlt-daemon/covesa-dlt-daemon/src/lib/dlt_client.c
FN:1007,1030,dlt_client_send_default_trace_status
FN:103,106,dlt_client_register_message_callback
FN:1032,1062,dlt_client_send_all_trace_status
FN:1064,1086,dlt_client_send_timing_pakets
FN:108,111,dlt_client_register_fetch_next_message_callback
FN:1088,1099,dlt_client_send_store_config
FN:1101,1112,dlt_client_send_reset_to_factory_default
FN:1114,1122,dlt_client_setbaudrate
FN:1124,1132,dlt_client_set_mode
FN:113,137,dlt_client_init_port
FN:1134,1144,dlt_client_set_server_ip
FN:1146,1156,dlt_client_set_host_if_address
FN:1158,1168,dlt_client_set_serial_device
FN:1170,1180,dlt_client_set_socket_path
FN:1187,1217,dlt_client_free_calloc_failed_get_log_info
FN:1219,1371,dlt_client_parse_get_log_info_resp_text
FN:1373,1403,dlt_client_cleanup_get_log_info
FN:139,170,dlt_client_init
FN:172,475,dlt_client_connect
FN:477,515,dlt_client_cleanup
FN:517,582,dlt_client_main_loop
FN:584,624,dlt_client_send_message_to_socket
FN:626,778,dlt_client_send_ctrl_msg
FN:780,813,dlt_client_send_inject_msg
FN:815,845,dlt_client_send_log_level
FN:847,876,dlt_client_get_log_info
FN:878,904,dlt_client_get_default_log_level
FN:906,928,dlt_client_get_software_version
FN:930,955,dlt_client_send_trace_status
FN:957,980,dlt_client_send_default_log_level
FN:982,1005,dlt_client_send_all_log_level
FNDA:0,dlt_client_send_default_trace_status
FNDA:3,dlt_client_register_message_callback
FNDA:0,dlt_client_send_all_trace_status
FNDA:0,dlt_client_send_timing_pakets
FNDA:0,dlt_client_register_fetch_next_message_callback
FNDA:0,dlt_client_send_store_config
FNDA:0,dlt_client_send_reset_to_factory_default
FNDA:0,dlt_client_setbaudrate
FNDA:0,dlt_client_set_mode
FNDA:8,dlt_client_init_port
FNDA:6,dlt_client_set_server_ip
FNDA:0,dlt_client_set_host_if_address
FNDA:0,dlt_client_set_serial_device
FNDA:0,dlt_client_set_socket_path
FNDA:0,dlt_client_free_calloc_failed_get_log_info
FNDA:2,dlt_client_parse_get_log_info_resp_text
FNDA:2,dlt_client_cleanup_get_log_info
FNDA:3,dlt_client_init
FNDA:9,dlt_client_connect
FNDA:5,dlt_client_cleanup
FNDA:3,dlt_client_main_loop
FNDA:2,dlt_client_send_message_to_socket
FNDA:10,dlt_client_send_ctrl_msg
FNDA:0,dlt_client_send_inject_msg
FNDA:1,dlt_client_send_log_level
FNDA:4,dlt_client_get_log_info
FNDA:1,dlt_client_get_default_log_level
FNDA:4,dlt_client_get_software_version
FNDA:0,dlt_client_send_trace_status
FNDA:0,dlt_client_send_default_log_level
FNDA:0,dlt_client_send_all_log_level
FNF:31
FNH:15
DA:103,3
DA:105,3
DA:106,3
DA:108,0
DA:110,0
DA:111,0
DA:113,8
DA:115,8
DA:116,0
DA:121,8
DA:124,8
DA:125,8
DA:126,8
DA:127,8
DA:128,8
DA:129,8
DA:130,8
DA:131,8
DA:132,8
DA:133,8
DA:134,8
DA:136,8
DA:139,3
DA:147,3
DA:149,3
DA:152,0
DA:153,0
DA:157,0
DA:160,0
DA:164,3
DA:165,0
DA:169,3
DA:172,9
DA:174,9
DA:175,9
DA:185,9
DA:189,9
DA:191,9
DA:194,9
DA:195,7
DA:196,7
DA:198,7
DA:199,0
DA:203,3
DA:206,11
DA:207,8
DA:208,0
DA:211,0
DA:212,0
DA:216,8
DA:218,0
DA:220,0
DA:221,0
DA:222,0
DA:225,8
DA:226,8
DA:227,8
DA:228,8
DA:230,8
DA:231,0
DA:233,0
DA:234,0
DA:236,16
DA:237,8
DA:239,8
DA:240,4
DA:241,4
DA:242,4
DA:243,0
DA:246,0
DA:247,0
DA:252,4
DA:253,4
DA:257,0
DA:258,0
DA:259,0
DA:264,0
DA:265,0
DA:272,7
DA:274,7
DA:275,3
DA:279,3
DA:282,4
DA:283,1
DA:291,6
DA:292,0
DA:294,0
DA:296,0
DA:297,0
DA:301,0
DA:304,0
DA:307,0
DA:308,0
DA:312,0
DA:313,0
DA:321,0
DA:322,0
DA:326,0
DA:328,0
DA:331,0
DA:332,0
DA:340,2
DA:342,2
DA:343,0
DA:346,0
DA:348,0
DA:352,2
DA:353,2
DA:355,2
DA:358,0
DA:361,0
DA:363,0
DA:366,2
DA:367,0
DA:372,0
DA:378,0
DA:380,0
DA:382,0
DA:385,0
DA:387,0
DA:391,0
DA:393,0
DA:396,0
DA:398,0
DA:401,0
DA:402,0
DA:404,0
DA:407,0
DA:409,0
DA:412,0
DA:414,0
DA:417,0
DA:418,0
DA:420,0
DA:422,0
DA:424,0
DA:428,0
DA:431,0
DA:432,0
DA:434,0
DA:435,0
DA:436,0
DA:438,0
DA:443,0
DA:446,0
DA:448,0
DA:451,0
DA:453,0
DA:455,0
DA:460,0
DA:461,0
DA:466,0
DA:469,6
DA:470,0
DA:471,0
DA:477,5
DA:481,5
DA:482,0
DA:484,5
DA:487,5
DA:488,5
DA:490,5
DA:491,0
DA:495,5
DA:496,0
DA:497,0
DA:500,5
DA:501,3
DA:502,3
DA:505,5
DA:506,2
DA:507,2
DA:510,5
DA:511,0
DA:512,0
DA:517,3
DA:522,3
DA:525,3
DA:529,405
DA:531,405
DA:533,405
DA:535,3
DA:541,610
DA:542,610
DA:544,610
DA:547,208
DA:548,208
DA:550,208
DA:551,0
DA:552,0
DA:556,0
DA:557,0
DA:560,208
DA:561,208
DA:564,0
DA:565,0
DA:569,402
DA:571,0
DA:572,0
DA:574,402
DA:575,0
DA:578,0
DA:584,2
DA:588,2
DA:589,2
DA:591,0
DA:592,0
DA:595,2
DA:597,0
DA:599,0
DA:601,0
DA:602,0
DA:603,0
DA:607,4
DA:609,2
DA:610,2
DA:612,0
DA:613,0
DA:616,2
DA:617,2
DA:619,0
DA:620,0
DA:626,10
DA:635,10
DA:639,10
DA:643,10
DA:645,10
DA:646,0
DA:647,0
DA:650,10
DA:651,10
DA:652,10
DA:655,10
DA:656,0
DA:657,0
DA:661,10
DA:664,10
DA:666,10
DA:667,0
DA:668,0
DA:672,10
DA:673,10
DA:679,10
DA:682,10
DA:684,10
DA:687,10
DA:688,0
DA:689,0
DA:693,10
DA:695,10
DA:696,10
DA:698,10
DA:700,10
DA:702,19
DA:703,19
DA:706,10
DA:709,10
DA:711,10
DA:713,10
DA:714,0
DA:718,0
DA:720,0
DA:723,10
DA:726,10
DA:728,10
DA:730,0
DA:731,0
DA:733,0
DA:734,0
DA:735,0
DA:738,10
DA:739,10
DA:741,10
DA:742,0
DA:743,0
DA:744,0
DA:747,10
DA:749,10
DA:750,0
DA:751,0
DA:752,0
DA:755,10
DA:756,10
DA:758,10
DA:765,0
DA:767,0
DA:768,0
DA:769,0
DA:774,10
DA:780,0
DA:790,0
DA:792,0
DA:798,0
DA:800,0
DA:803,0
DA:805,0
DA:806,0
DA:809,0
DA:811,0
DA:815,1
DA:820,1
DA:823,1
DA:825,1
DA:828,1
DA:829,1
DA:830,1
DA:831,1
DA:832,1
DA:835,1
DA:842,1
DA:844,1
DA:847,4
DA:852,4
DA:855,4
DA:857,4
DA:860,4
DA:861,4
DA:862,4
DA:863,4
DA:864,4
DA:867,4
DA:873,4
DA:875,4
DA:878,1
DA:883,1
DA:887,1
DA:889,1
DA:892,1
DA:895,1
DA:901,1
DA:903,1
DA:906,4
DA:911,4
DA:914,4
DA:916,4
DA:919,4
DA:925,4
DA:927,4
DA:930,0
DA:934,0
DA:936,0
DA:939,0
DA:940,0
DA:941,0
DA:942,0
DA:943,0
DA:946,0
DA:948,0
DA:949,0
DA:952,0
DA:954,0
DA:957,0
DA:961,0
DA:963,0
DA:966,0
DA:967,0
DA:968,0
DA:971,0
DA:973,0
DA:974,0
DA:977,0
DA:979,0
DA:982,0
DA:986,0
DA:988,0
DA:991,0
DA:992,0
DA:993,0
DA:996,0
DA:998,0
DA:999,0
DA:1002,0
DA:1004,0
DA:1007,0
DA:1011,0
DA:1013,0
DA:1016,0
DA:1017,0
DA:1018,0
DA:1021,0
DA:1023,0
DA:1024,0
DA:1027,0
DA:1029,0
DA:1032,0
DA:1036,0
DA:1037,0
DA:1038,0
DA:1041,0
DA:1043,0
DA:1044,0
DA:1045,0
DA:1048,0
DA:1049,0
DA:1050,0
DA:1053,0
DA:1055,0
DA:1056,0
DA:1059,0
DA:1061,0
DA:1064,0
DA:1068,0
DA:1070,0
DA:1073,0
DA:1074,0
DA:1077,0
DA:1079,0
DA:1080,0
DA:1083,0
DA:1085,0
DA:1088,0
DA:1092,0
DA:1095,0
DA:1096,0
DA:1101,0
DA:1105,0
DA:1108,0
DA:1109,0
DA:1114,0
DA:1116,0
DA:1119,0
DA:1121,0
DA:1124,0
DA:1126,0
DA:1129,0
DA:1130,0
DA:1134,6
DA:1136,6
DA:1138,6
DA:1139,0
DA:1140,0
DA:1146,0
DA:1148,0
DA:1150,0
DA:1151,0
DA:1152,0
DA:1158,0
DA:1160,0
DA:1162,0
DA:1163,0
DA:1164,0
DA:1170,0
DA:1172,0
DA:1174,0
DA:1175,0
DA:1176,0
DA:1187,0
DA:1195,0
DA:1196,0
DA:1198,0
DA:1199,0
DA:1201,0
DA:1202,0
DA:1205,0
DA:1206,0
DA:1208,0
DA:1209,0
DA:1212,0
DA:1213,0
DA:1214,0
DA:1216,0
DA:1219,2
DA:1227,2
DA:1229,2
DA:1253,2
DA:1257,2
DA:1259,0
DA:1260,0
DA:1264,0
DA:1265,0
DA:1270,0
DA:1275,0
DA:1279,2
DA:1280,2
DA:1281,2
DA:1283,2
DA:1284,2
DA:1286,2
DA:1287,0
DA:1288,0
DA:1289,0
DA:1292,5
DA:1293,3
DA:1295,3
DA:1298,3
DA:1299,3
DA:1300,3
DA:1302,3
DA:1303,3
DA:1305,3
DA:1306,0
DA:1308,0
DA:1309,0
DA:1312,9
DA:1313,6
DA:1315,6
DA:1317,6
DA:1321,6
DA:1322,6
DA:1326,6
DA:1327,6
DA:1331,6
DA:1332,6
DA:1334,6
DA:1335,6
DA:1337,6
DA:1338,0
DA:1339,0
DA:1340,0
DA:1343,6
DA:1351,3
DA:1352,3
DA:1354,3
DA:1355,3
DA:1357,3
DA:1358,0
DA:1359,0
DA:1360,0
DA:1363,3
DA:1373,2
DA:1379,2
DA:1382,5
DA:1383,3
DA:1385,9
DA:1386,6
DA:1387,6
DA:1390,3
DA:1392,3
DA:1396,2
DA:1399,2
DA:1402,2
LF:531
LH:239
end_of_record
TN:
SF:/home/runner/work/covesa-dlt-daemon/covesa-dlt-daemon/src/lib/dlt_env_ll.c
FN:126,167,dlt_env_extract_symbolic_ll
FN:198,231,dlt_env_extract_ll
FN:239,273,dlt_env_extract_ll_item
FN:284,301,dlt_env_init_ll_set
FN:307,320,dlt_env_free_ll_set
FN:329,353,dlt_env_increase_ll_set
FN:364,395,dlt_env_extract_ll_set
FN:403,422,dlt_env_ids_match
FN:436,459,dlt_env_ll_item_get_matching_prio
FN:471,498,dlt_env_adjust_ll_from_env
FN:58,82,dlt_env_extract_id
FN:90,123,dlt_env_helper_to_lower
FNDA:0,dlt_env_extract_symbolic_ll
FNDA:0,dlt_env_extract_ll
FNDA:0,dlt_env_extract_ll_item
FNDA:0,dlt_env_init_ll_set
FNDA:10490,dlt_env_free_ll_set
FNDA:0,dlt_env_increase_ll_set
FNDA:0,dlt_env_extract_ll_set
FNDA:0,dlt_env_ids_match
FNDA:0,dlt_env_ll_item_get_matching_prio
FNDA:205,dlt_env_adjust_ll_from_env
FNDA:0,dlt_env_extract_id
FNDA:0,dlt_env_helper_to_lower
FNF:12
FNH:2
DA:58,0
DA:62,0
DA:66,0
DA:72,0
DA:73,0
DA:77,0
DA:90,0
DA:95,0
DA:99,0
DA:103,0
DA:105,0
DA:106,0
DA:107,0
DA:109,0
DA:112,0
DA:113,0
DA:116,0
DA:118,0
DA:126,0
DA:127,0
DA:130,0
DA:134,0
DA:138,0
DA:139,0
DA:140,0
DA:141,0
DA:142,0
DA:143,0
DA:144,0
DA:145,0
DA:146,0
DA:147,0
DA:148,0
DA:149,0
DA:150,0
DA:151,0
DA:152,0
DA:153,0
DA:154,0
DA:159,0
DA:160,0
DA:163,0
DA:198,0
DA:200,0
DA:204,0
DA:209,0
DA:210,0
DA:212,0
DA:213,0
DA:214,0
DA:217,0
DA:218,0
DA:219,0
DA:220,0
DA:226,0
DA:239,0
DA:243,0
DA:247,0
DA:252,0
DA:254,0
DA:258,0
DA:259,0
DA:261,0
DA:265,0
DA:266,0
DA:268,0
DA:284,0
DA:286,0
DA:290,0
DA:291,0
DA:293,0
DA:295,0
DA:296,0
DA:299,0
DA:300,0
DA:307,10490
DA:309,10490
DA:313,10490
DA:314,0
DA:315,0
DA:318,10490
DA:319,10490
DA:329,0
DA:334,0
DA:338,0
DA:339,0
DA:341,0
DA:342,0
DA:344,0
DA:346,0
DA:347,0
DA:349,0
DA:350,0
DA:351,0
DA:364,0
DA:366,0
DA:370,0
DA:374,0
DA:379,0
DA:380,0
DA:385,0
DA:389,0
DA:390,0
DA:392,0
DA:403,0
DA:405,0
DA:409,0
DA:413,0
DA:417,0
DA:418,0
DA:436,0
DA:440,0
DA:444,0
DA:445,0
DA:447,0
DA:450,0
DA:451,0
DA:453,0
DA:471,205
DA:476,205
DA:484,205
DA:485,0
DA:487,0
DA:489,0
DA:491,0
DA:492,0
LF:126
LH:8
end_of_record
TN:
SF:/home/runner/work/covesa-dlt-daemon/covesa-dlt-daemon/src/lib/dlt_filetransfer.c
FN:103,120,stringHash
FN:129,147,getFileSerialNumber
FN:155,166,getFileCreationDate
FN:175,190,getFileCreationDate2
FN:196,200,isFile
FN:206,212,doTimeout
FN:218,229,checkUserBufferForFreeSpace
FN:236,239,doRemoveFile
FN:241,296,dlt_user_log_file_errorMessage
FN:306,355,dlt_user_log_file_infoAbout
FN:369,393,dlt_user_log_file_complete
FN:404,442,dlt_user_log_file_packagesCount
FN:454,505,dlt_user_log_file_header_alias
FN:516,566,dlt_user_log_file_header
FN:576,583,dlt_user_log_file_data
[...]
DA:1760,0
DA:1764,0
DA:1765,0
DA:1768,0
DA:1770,0
DA:1771,0
DA:1773,0
DA:1777,0
DA:1779,0
DA:1780,0
DA:1782,0
DA:1785,0
DA:1787,0
DA:1788,0
DA:1790,0
DA:1794,0
DA:1795,0
DA:1796,0
DA:1801,0
DA:1804,0
DA:1806,0
DA:1809,0
DA:1811,0
DA:1813,0
DA:1816,0
DA:1817,0
DA:1819,0
DA:1821,0
DA:1824,3965
DA:1826,3965
DA:1828,3965
DA:1832,3965
DA:1833,0
DA:1834,0
DA:1838,3965
DA:1839,0
DA:1840,0
DA:1841,0
DA:1845,3965
DA:1848,3965
DA:1851,3965
DA:1855,3965
DA:1857,3965
DA:1860,69
DA:1862,69
DA:1864,69
DA:1868,69
DA:1869,54
DA:1871,69
DA:1874,69
DA:1875,59
DA:1877,69
DA:1879,69
DA:1882,19
DA:1884,19
DA:1885,0
DA:1886,0
DA:1888,0
DA:1891,19
DA:1893,19
DA:1895,17
DA:1898,17
DA:1899,1
DA:1900,1
DA:1904,16
DA:1908,10499
DA:1911,10499
DA:1912,10490
DA:1923,0
DA:1925,0
DA:1926,0
DA:1928,12
DA:1930,12
DA:1933,26
DA:1936,26
DA:1937,0
DA:1938,0
DA:1941,26
DA:1943,26
DA:1947,7
DA:1948,4
DA:1949,4
DA:1950,4
DA:1953,1
DA:1954,1
DA:1956,3
DA:1957,3
DA:1961,4
DA:1964,4
DA:1965,4
DA:1967,4
DA:1968,0
DA:1969,0
DA:1974,4
DA:1978,4
DA:1980,4
DA:1981,4
DA:1984,4
DA:1986,4
DA:1988,4
DA:1990,3
DA:1991,3
DA:1993,3
DA:2003,3
DA:2009,15
DA:2011,15
DA:2012,5
DA:2013,3
DA:2015,2
DA:2018,15
DA:2020,2
DA:2022,2
DA:2023,2
DA:2024,2
DA:2026,3
DA:2028,3
DA:2031,3
DA:2034,2852
DA:2036,2852
DA:2039,2852
DA:2043,2852
DA:2044,8
DA:2049,8
DA:2050,8
DA:2051,2844
DA:2052,2844
DA:2053,2844
DA:2056,2852
DA:2058,2852
DA:2061,3129450
DA:2070,3129450
DA:2073,3129449
DA:2076,3128515
DA:2079,3128515
DA:2081,3128515
DA:2082,510
DA:2084,1020
DA:2085,510
DA:2086,510
DA:2088,510
DA:2090,510
DA:2091,510
DA:2092,3127968
DA:2094,6255936
DA:2095,3127968
DA:2096,3127968
DA:2098,3127968
DA:2101,0
DA:2104,0
DA:2105,0
DA:2107,0
DA:2108,0
DA:2110,0
DA:2112,0
DA:2114,0
DA:2115,32
DA:2118,32
DA:2119,24
DA:2120,12
DA:2122,20
DA:2123,40
DA:2124,20
DA:2125,20
DA:2137,3143895
DA:2139,3143895
DA:2143,3143895
DA:2146,3143895
DA:2149,3117957
DA:2151,3117957
DA:2153,3117957
DA:2155,3117957
DA:2158,10484
DA:2164,10484
DA:2167,10484
DA:2170,10484
DA:2173,10484
DA:2175,10484
DA:2177,10484
DA:2179,10484
DA:2182,10484
DA:2185,10532
DA:2187,10532
DA:2190,10532
DA:2191,10532
DA:2196,10532
DA:2197,0
DA:2198,0
DA:2201,10532
DA:2202,10532
DA:2203,10532
DA:2204,10532
DA:2205,10532
DA:2206,10532
DA:2207,10532
DA:2208,10532
DA:2211,10532
DA:2212,0
DA:2213,0
DA:2216,10532
DA:2219,10532
DA:2222,9
DA:2224,9
DA:2227,9
DA:2231,9
DA:2233,9
DA:2237,9
DA:2238,9
DA:2239,9
DA:2240,9
DA:2241,9
DA:2242,9
DA:2243,9
DA:2244,9
DA:2245,9
DA:2247,9
DA:2250,10531
DA:2253,10531
DA:2256,10531
DA:2257,10529
DA:2259,10531
DA:2260,1
DA:2262,10531
DA:2263,10531
DA:2264,10531
DA:2266,10531
DA:2269,9
DA:2272,9
DA:2275,9
DA:2276,0
DA:2278,9
DA:2279,9
DA:2280,9
DA:2282,9
DA:2285,1611
DA:2289,1611
DA:2292,1611
DA:2295,1610
DA:2296,1610
DA:2298,1610
DA:2299,0
DA:2300,0
DA:2301,0
DA:2304,1610
DA:2306,419
DA:2307,419
DA:2308,419
DA:2310,1191
DA:2312,1191
DA:2313,1191
DA:2314,1191
DA:2318,0
DA:2319,0
DA:2320,0
DA:2321,0
DA:2323,0
DA:2327,1610
DA:2328,6
DA:2329,6
DA:2332,1604
DA:2333,1604
DA:2335,1604
DA:2338,6090
DA:2340,6090
DA:2343,6133
DA:2346,6133
DA:2347,0
DA:2348,0
DA:2349,0
DA:2352,6133
DA:2353,263
DA:2355,6090
DA:2358,1605
DA:2360,1605
DA:2363,1605
DA:2366,1605
DA:2367,1
DA:2369,1
DA:2370,0
DA:2374,1
DA:2380,133
DA:2385,133
DA:2388,133
DA:2389,88
DA:2391,133
DA:2392,133
DA:2393,133
DA:2399,133
DA:2400,88
DA:2404,133
DA:2405,0
DA:2406,0
DA:2407,0
DA:2411,133
DA:2414,12096
DA:2421,12096
DA:2428,12096
DA:2432,12096
DA:2433,12096
DA:2434,12096
DA:2435,12096
DA:2437,12096
DA:2443,12096
DA:2444,12096
DA:2447,12096
DA:2450,7
DA:2453,7
DA:2454,1
DA:2458,7
DA:2461,6979
DA:2463,6979
DA:2466,13958
DA:2467,6979
DA:2468,6979
DA:2469,6979
DA:2470,13958
DA:2473,0
DA:2475,0
DA:2481,0
DA:2482,0
DA:2483,0
DA:2484,0
DA:2488,0
DA:2489,0
DA:2490,0
DA:2491,0
DA:2492,0
DA:2495,0
DA:2497,0
DA:2499,0
DA:2501,0
DA:2504,0
DA:2506,0
DA:2510,0
DA:2511,0
DA:2512,0
DA:2513,0
DA:2516,0
DA:2517,0
DA:2519,0
DA:2523,0
DA:2526,10621
DA:2532,10621
DA:2536,10613
DA:2539,10606
DA:2542,10606
DA:2546,10606
DA:2547,10606
DA:2548,10606
DA:2551,10606
DA:2553,10606
DA:2554,0
DA:2557,0
DA:2562,10606
DA:2563,10606
DA:2564,10606
DA:2565,10606
DA:2567,10606
DA:2568,0
DA:2571,0
DA:2574,10606
DA:2576,10606
DA:2581,10606
DA:2583,10606
DA:2586,0
DA:2589,0
DA:2592,0
DA:2594,0
DA:2595,0
DA:2601,10595
DA:2604,10595
DA:2607,10594
DA:2609,0
DA:2610,0
DA:2613,10594
DA:2614,10594
DA:2615,10594
DA:2617,10594
DA:2620,41029
DA:2623,41029
DA:2624,40010
DA:2625,40010
DA:2627,40009
DA:2628,40009
DA:2634,1
DA:2636,1
DA:2637,1
DA:2638,1
DA:2643,0
DA:2647,1019
DA:2649,41029
DA:2651,53
DA:2654,53
DA:2655,37
DA:2657,35
DA:2658,35
DA:2664,2
DA:2666,1
DA:2667,1
DA:2668,1
DA:2673,16
DA:2675,53
DA:2677,860
DA:2679,860
DA:2682,860
DA:2683,0
DA:2688,7
DA:2694,7
DA:2695,1
DA:2696,1
DA:2700,6
DA:2705,6
DA:2710,6
DA:2712,6
DA:2713,0
DA:2716,0
DA:2720,6
DA:2723,6
DA:2724,4
DA:2725,4
DA:2726,4
DA:2727,4
DA:2730,2
DA:2731,2
DA:2732,2
DA:2733,2
DA:2734,2
DA:2738,6
DA:2741,6
DA:2742,6
DA:2743,6
DA:2745,6
DA:2751,6
DA:2754,8
DA:2759,8
DA:2760,1
DA:2761,1
DA:2764,7
DA:2769,0
DA:2771,0
DA:2772,0
DA:2775,0
DA:2779,0
DA:2782,0
DA:2783,0
DA:2784,0
DA:2787,0
DA:2788,0
DA:2789,0
DA:2791,0
DA:2796,0
DA:2798,0
DA:2801,9
DA:2804,9
DA:2805,1
DA:2806,1
DA:2809,8
DA:2811,8
DA:2814,8
DA:2815,8
DA:2816,8
DA:2819,8
DA:2821,8
DA:2824,7516
DA:2826,7516
DA:2829,15283
DA:2842,15283
DA:2845,15215
DA:2847,0
DA:2848,0
DA:2852,15215
DA:2853,15215
DA:2854,15215
DA:2857,15215
DA:2858,0
DA:2861,0
DA:2862,0
DA:2866,15215
DA:2867,0
DA:2868,15215
DA:2871,15215
DA:2874,15219
DA:2876,4
DA:2882,4
DA:2883,4
DA:2886,4
DA:2887,0
DA:2888,4
DA:2891,4
DA:2897,15215
DA:2898,15215
DA:2901,15215
DA:2903,15215
DA:2904,15215
DA:2906,15215
DA:2907,7701
DA:2909,15215
DA:2910,1878
DA:2913,15215
DA:2914,15215
DA:2916,15215
DA:2920,64
DA:2924,64
DA:2928,64
DA:2931,47
DA:2933,0
DA:2934,0
DA:2938,47
DA:2939,47
DA:2940,47
DA:2943,47
DA:2944,3
DA:2947,3
DA:2948,3
DA:2952,44
DA:2953,22
DA:2954,1
DA:2957,1
DA:2960,22
DA:2964,22
DA:2965,21
DA:2967,1
DA:2970,22
DA:2971,1
DA:2974,1
DA:2975,1
DA:2979,21
DA:2982,21
DA:2983,1
DA:2984,1
DA:2985,1
DA:2988,20
DA:2989,0
DA:2990,0
DA:2991,0
DA:2995,20
DA:2996,1
DA:2999,1
DA:3000,1
DA:3004,19
DA:3005,1
DA:3011,19
DA:3013,14
DA:3015,14
DA:3017,3
DA:3020,5
DA:3022,5
DA:3023,5
DA:3025,0
DA:3029,8
DA:3030,8
DA:3032,8
DA:3034,5
DA:3037,19
DA:3040,8
DA:3042,8
DA:3045,13
DA:3047,13
DA:3050,7
DA:3052,7
DA:3055,2
DA:3058,2
DA:3059,1
DA:3060,1
DA:3063,1
DA:3065,1
DA:3068,2
DA:3073,2
DA:3074,1
DA:3075,1
DA:3079,1
DA:3082,1
DA:3083,1
DA:3084,1
DA:3086,1
DA:3091,3
DA:3094,3
DA:3097,2
DA:3100,2503
DA:3105,2503
DA:3109,2502
DA:3112,2502
DA:3113,2502
DA:3114,2502
DA:3116,2502
DA:3119,2501
DA:3120,2501
DA:3122,0
DA:3125,8526
DA:3128,8526
DA:3132,8526
DA:3135,8526
DA:3140,0
DA:3145,0
DA:3148,0
DA:3157,0
DA:3169,0
DA:3175,0
DA:3181,0
DA:3182,0
DA:3187,0
DA:3188,0
DA:3193,0
DA:3194,0
DA:3198,0
DA:3207,0
DA:3212,0
DA:3218,0
DA:3221,0
DA:3223,0
DA:3226,0
DA:3228,0
DA:3231,0
DA:3233,0
DA:3236,0
DA:3238,0
DA:3241,0
DA:3243,0
DA:3246,0
DA:3248,0
DA:3251,0
DA:3253,0
DA:3256,0
DA:3258,0
DA:3261,0
DA:3263,0
DA:3266,0
DA:3268,0
DA:3271,0
DA:3273,0
DA:3276,0
DA:3278,0
DA:3281,0
DA:3283,0
DA:3286,0
DA:3288,0
DA:3291,0
DA:3299,0
DA:3302,0
DA:3304,0
DA:3307,0
DA:3309,0
DA:3312,0
DA:3314,0
DA:3317,0
DA:3319,0
DA:3322,0
DA:3324,0
DA:3327,0
DA:3329,0
DA:3332,0
DA:3334,0
DA:3337,0
DA:3339,0
DA:3342,0
DA:3344,0
DA:3347,0
DA:3349,0
DA:3352,0
DA:3354,0
DA:3357,0
DA:3359,0
DA:3362,0
DA:3372,0
DA:3380,22
DA:3382,22
DA:3383,0
DA:3384,0
DA:3405,9
DA:3407,9
DA:3408,0
DA:3409,0
DA:3415,9
DA:3417,9
DA:3418,0
DA:3419,0
DA:3426,6296
DA:3436,6296
DA:3437,6296
DA:3445,328
DA:3447,328
DA:3450,316
DA:3452,316
DA:3454,316
DA:3457,328
DA:3459,328
DA:3462,316
DA:3464,316
DA:3466,316
DA:3468,316
DA:3470,316
DA:3473,328
DA:3475,328
DA:3478,316
DA:3480,316
DA:3482,316
DA:3484,316
DA:3486,316
DA:3489,328
DA:3491,328
DA:3494,316
DA:3496,316
DA:3498,316
DA:3500,316
DA:3502,316
DA:3505,328
DA:3507,328
DA:3510,316
DA:3512,316
DA:3514,316
DA:3517,316
DA:3519,316
DA:3522,3551
DA:3532,3551
DA:3547,3536
DA:3548,3536
DA:3549,3536
DA:3550,3536
DA:3566,3536
DA:3567,1549
DA:3569,1549
DA:3570,1549
DA:3572,1549
DA:3575,1549
DA:3578,0
DA:3581,1549
DA:3582,0
DA:3584,0
DA:3587,0
DA:3589,0
DA:3592,0
DA:3594,0
DA:3595,0
DA:3596,0
DA:3597,0
DA:3601,0
DA:3602,0
DA:3605,1549
DA:3607,1549
DA:3610,1987
DA:3613,112
DA:3614,0
DA:3616,0
DA:3619,0
DA:3621,0
DA:3624,0
DA:3626,0
DA:3627,0
DA:3628,0
DA:3629,0
DA:3633,0
DA:3634,0
DA:3638,112
DA:3640,112
DA:3643,110
DA:3645,1875
DA:3647,0
DA:3648,0
DA:3650,0
DA:3651,0
DA:3653,0
DA:3656,0
DA:3657,0
DA:3660,0
DA:3666,0
DA:3667,0
DA:3669,0
DA:3670,0
DA:3672,0
DA:3675,0
DA:3676,0
DA:3679,0
DA:3685,1875
DA:3687,0
DA:3688,0
DA:3690,0
DA:3693,0
DA:3696,0
DA:3697,0
DA:3699,0
DA:3702,0
DA:3705,0
DA:3706,0
DA:3708,0
DA:3714,0
DA:3715,0
DA:3716,0
DA:3718,0
DA:3722,0
DA:3723,0
DA:3725,0
DA:3728,0
DA:3729,0
DA:3732,1875
DA:3735,1748
DA:3736,0
DA:3738,0
DA:3741,0
DA:3742,0
DA:3744,0
DA:3747,0
DA:3749,0
DA:3752,0
DA:3754,0
DA:3755,0
DA:3756,0
DA:3757,0
DA:3761,0
DA:3762,0
DA:3764,0
DA:3769,0
DA:3771,0
DA:3772,0
DA:3775,1748
DA:3776,0
DA:3778,0
DA:3781,0
DA:3782,0
DA:3786,0
DA:3789,0
DA:3790,0
DA:3791,0
DA:3793,0
DA:3795,0
DA:3798,0
DA:3799,0
DA:3800,0
DA:3802,0
DA:3804,0
DA:3807,0
DA:3808,0
DA:3809,0
DA:3818,1748
DA:3819,14
DA:3821,14
DA:3823,7
DA:3825,7
DA:3828,7
DA:3832,7
DA:3834,7
DA:3837,7
DA:3842,21
DA:3844,21
DA:3847,7
DA:3849,7
DA:3852,7
DA:3853,7
DA:3858,14
DA:3860,14
DA:3863,14
DA:3864,14
DA:3869,1699
DA:3871,1699
DA:3874,287
DA:3876,287
DA:3879,287
DA:3885,1412
DA:3887,1412
DA:3890,1412
DA:3896,14
DA:3898,14
DA:3901,7
DA:3903,7
DA:3906,7
DA:3916,7
DA:3918,7
DA:3921,7
DA:3931,0
DA:3933,0
DA:3934,0
DA:3936,0
DA:3939,0
DA:3940,0
DA:3941,0
DA:3949,127
DA:3952,14
DA:3953,0
DA:3955,0
DA:3958,0
DA:3959,0
DA:3961,0
DA:3964,0
DA:3966,0
DA:3969,0
DA:3971,0
DA:3972,0
DA:3973,0
DA:3974,0
DA:3978,0
DA:3979,0
DA:3981,0
DA:3986,0
DA:3988,0
DA:3989,0
DA:3992,14
DA:3993,0
DA:3995,0
DA:3996,0
DA:3998,0
DA:4001,0
DA:4002,0
DA:4003,0
DA:4005,0
DA:4007,0
DA:4008,0
DA:4010,0
DA:4013,0
DA:4014,0
DA:4015,0
DA:4024,7
DA:4026,7
DA:4031,7
DA:4033,7
DA:4049,7
DA:4051,7
DA:4056,7
DA:4071,0
DA:4073,0
DA:4074,0
DA:4076,0
DA:4079,0
DA:4080,0
DA:4081,0
DA:4089,113
DA:4092,112
DA:4094,112
DA:4097,110
DA:4099,110
DA:4100,0
DA:4102,0
DA:4105,0
DA:4107,0
DA:4110,0
DA:4112,0
DA:4113,0
DA:4114,0
DA:4115,0
DA:4119,0
DA:4120,0
DA:4123,110
DA:4126,9
DA:4128,9
DA:4129,9
DA:4131,1
DA:4134,0
DA:4136,0
DA:4139,0
DA:4141,0
DA:4143,0
DA:4150,3430
DA:4151,0
DA:4152,0
DA:4156,3430
DA:4157,0
DA:4159,0
DA:4161,0
DA:4162,0
DA:4170,10490
DA:4172,10490
DA:4174,10490
DA:4175,0
DA:4177,10490
DA:4179,10490
DA:4180,0
DA:4182,0
DA:4183,0
DA:4186,10490
DA:4188,10490
DA:4189,0
DA:4191,0
DA:4192,0
DA:4196,10490
DA:4198,10490
DA:4199,0
DA:4201,10490
DA:4212,10490
DA:4214,2
DA:4222,2
DA:4228,2
DA:4230,2
DA:4231,2
DA:4233,2
DA:4234,2
DA:4235,2
DA:4236,2
DA:4242,14
DA:4244,14
DA:4247,14
DA:4253,14
DA:4254,14
DA:4255,14
DA:4256,14
DA:4258,14
DA:4260,14
DA:4263,12
DA:4265,12
DA:4268,12
DA:4274,12
DA:4275,12
DA:4277,12
DA:4279,12
DA:4282,11
DA:4284,11
DA:4290,11
DA:4291,11
DA:4293,11
DA:4296,20
DA:4298,20
DA:4302,20
DA:4308,289
DA:4309,269
DA:4310,269
DA:4311,269
DA:4312,269
DA:4318,0
DA:4320,0
DA:4322,0
DA:4327,0
DA:4328,0
DA:4329,0
DA:4334,0
DA:4335,0
DA:4338,0
DA:4340,0
DA:4343,0
DA:4345,0
DA:4350,0
DA:4355,0
DA:4357,0
DA:4360,0
DA:4364,0
DA:4368,3
DA:4371,3
DA:4373,3
DA:4375,3
DA:4378,1
DA:4380,1
DA:4381,0
DA:4382,0
DA:4385,106
DA:4387,105
DA:4388,0
DA:4391,105
DA:4393,105
DA:4396,105
DA:4398,105
DA:4401,105
DA:4403,105
DA:4406,105
DA:4408,0
DA:4410,0
DA:4411,0
DA:4414,105
DA:4417,105
DA:4422,105
DA:4425,105
DA:4431,105
DA:4432,105
DA:4434,105
DA:4436,105
DA:4439,1
DA:4440,1
DA:4444,0
DA:4449,0
DA:4451,0
DA:4455,0
DA:4457,0
DA:4459,0
DA:4462,0
DA:4463,0
DA:4465,0
DA:4467,0
DA:4468,0
DA:4470,0
DA:4473,0
DA:4475,0
DA:4478,0
DA:4481,0
DA:4482,0
DA:4484,0
DA:4485,0
DA:4486,0
DA:4489,0
DA:4493,0
DA:4495,0
DA:4497,0
DA:4501,0
DA:4502,0
DA:4506,0
DA:4507,0
DA:4510,5
DA:4512,5
DA:4513,0
DA:4514,0
DA:4517,5
DA:4518,5
DA:4521,6
DA:4522,6
DA:4524,6
DA:4525,6
DA:4526,5
DA:4527,5
DA:4529,5
DA:4530,5
DA:4531,5
DA:4534,12
DA:4536,12
DA:4538,12
DA:4540,12
DA:4541,12
DA:4542,12
DA:4544,37
DA:4546,37
LF:1807
LH:1175
end_of_record
TN:
SF:/home/runner/work/covesa-dlt-daemon/covesa-dlt-daemon/src/shared/dlt_config_file_parser.c
FN:121,159,dlt_config_file_set_section
FN:171,222,dlt_config_file_set_section_data
FN:251,269,dlt_config_file_get_section_name_from_string
FN:281,309,dlt_config_file_get_key_value
FN:321,344,dlt_config_file_read_line
FN:354,396,dlt_config_file_read_file
FN:407,425,dlt_config_file_find_section
FN:428,460,dlt_config_file_init
FN:462,489,dlt_config_file_release
FN:491,502,dlt_config_file_get_section_name
FN:504,516,dlt_config_file_get_num_sections
FN:51,67,dlt_config_file_trim_line
FN:518,553,dlt_config_file_get_value
FN:555,568,dlt_config_file_check_section_name_exists
FN:95,110,dlt_config_file_is_section_name
FNDA:40,dlt_config_file_set_section
FNDA:339,dlt_config_file_set_section_data
FNDA:40,dlt_config_file_get_section_name_from_string
FNDA:339,dlt_config_file_get_key_value
FNDA:379,dlt_config_file_read_line
FNDA:14,dlt_config_file_read_file
FNDA:540,dlt_config_file_find_section
FNDA:14,dlt_config_file_init
FNDA:14,dlt_config_file_release
FNDA:40,dlt_config_file_get_section_name
FNDA:14,dlt_config_file_get_num_sections
FNDA:379,dlt_config_file_trim_line
FNDA:536,dlt_config_file_get_value
FNDA:4,dlt_config_file_check_section_name_exists
FNDA:40,dlt_config_file_is_section_name
FNF:15
FNH:15
DA:51,379
DA:53,379
DA:59,6683
DA:60,6304
DA:62,6304
DA:63,5925
DA:66,379
DA:79,406
DA:95,40
DA:99,40
DA:102,179
DA:103,139
DA:105,139
DA:121,40
DA:123,40
DA:126,40
DA:127,0
DA:128,0
DA:132,40
DA:133,0
DA:134,0
DA:137,40
DA:140,40
DA:142,40
DA:143,0
DA:144,0
DA:147,40
DA:149,40
DA:150,0
DA:151,0
DA:152,0
DA:153,0
DA:157,40
DA:158,40
DA:171,339
DA:175,339
DA:178,339
DA:179,339
DA:181,339
DA:182,0
DA:183,0
DA:187,339
DA:189,339
DA:191,40
DA:193,40
DA:194,0
DA:195,0
DA:198,40
DA:201,299
DA:203,1589
DA:204,1290
DA:207,299
DA:209,299
DA:210,0
DA:211,0
DA:215,339
DA:216,339
DA:217,339
DA:219,339
DA:221,339
DA:236,379
DA:251,40
DA:256,40
DA:259,386
DA:260,386
DA:261,40
DA:262,346
DA:265,306
DA:281,339
DA:287,339
DA:290,339
DA:292,339
DA:294,339
DA:299,339
DA:301,339
DA:303,339
DA:308,339
DA:321,379
DA:323,379
DA:333,40
DA:340,339
DA:354,14
DA:357,14
DA:358,14
DA:359,14
DA:364,434
DA:365,406
DA:368,27
DA:369,27
DA:372,379
DA:375,379
DA:377,379
DA:378,40
DA:381,40
DA:385,339
DA:387,339
DA:388,339
DA:391,0
DA:392,0
DA:396,14
DA:407,540
DA:412,540
DA:413,0
DA:414,0
DA:417,2490
DA:418,2486
DA:420,2486
DA:421,536
DA:428,14
DA:433,14
DA:434,0
DA:435,0
DA:438,14
DA:440,14
DA:441,0
DA:442,0
DA:445,14
DA:448,14
DA:449,0
DA:450,0
DA:451,0
DA:454,14
DA:457,14
DA:459,14
DA:462,14
DA:466,14
DA:467,14
DA:469,54
DA:470,40
DA:471,40
DA:472,40
DA:474,40
DA:475,40
DA:477,379
DA:479,339
DA:480,339
DA:481,339
DA:482,339
DA:486,14
DA:487,14
DA:489,14
DA:491,40
DA:495,40
DA:498,40
DA:499,40
DA:501,40
DA:504,14
DA:506,14
DA:513,14
DA:515,14
DA:518,536
DA:526,536
DA:532,536
DA:534,536
DA:537,536
DA:539,536
DA:541,3465
DA:542,3264
DA:543,335
DA:544,335
DA:547,2929
DA:551,201
DA:552,201
DA:555,4
DA:560,4
DA:563,4
DA:564,4
LF:167
LH:140
end_of_record
TN:
SF:/home/runner/work/covesa-dlt-daemon/covesa-dlt-daemon/src/shared/dlt_multiple_files.c
FN:117,131,multiple_files_buffer_file_name
FN:133,145,multiple_files_buffer_get_idx_of_log_file
FN:147,223,multiple_files_buffer_create_new_file
FN:225,266,multiple_files_buffer_get_total_size
FN:268,344,multiple_files_buffer_delete_oldest_file
FN:346,375,multiple_files_buffer_check_size
FN:377,405,multiple_files_buffer_open_file_for_append
FN:407,437,multiple_files_buffer_init
FN:43,115,multiple_files_buffer_storage_dir_info
FN:439,453,multiple_files_buffer_rotate_file
FN:455,471,multiple_files_buffer_write_chunk
FN:473,483,multiple_files_buffer_write
FN:485,498,multiple_files_buffer_free
FNDA:9,multiple_files_buffer_file_name
FNDA:53,multiple_files_buffer_get_idx_of_log_file
FNDA:9,multiple_files_buffer_create_new_file
FNDA:21,multiple_files_buffer_get_total_size
FNDA:9,multiple_files_buffer_delete_oldest_file
FNDA:12,multiple_files_buffer_check_size
FNDA:3,multiple_files_buffer_open_file_for_append
FNDA:3,multiple_files_buffer_init
FNDA:12,multiple_files_buffer_storage_dir_info
FNDA:12,multiple_files_buffer_rotate_file
FNDA:12,multiple_files_buffer_write_chunk
FNDA:12,multiple_files_buffer_write
FNDA:3,multiple_files_buffer_free
FNF:13
FNH:13
DA:43,12
DA:48,12
DA:52,12
DA:53,0
DA:54,0
DA:57,12
DA:58,12
DA:60,398
DA:62,386
DA:64,386
DA:65,110
DA:66,48
DA:68,48
DA:71,36
DA:74,20
DA:80,48
DA:83,20
DA:86,20
DA:93,12
DA:94,12
DA:96,12
DA:101,12
DA:103,12
DA:110,398
DA:112,12
DA:114,12
DA:117,9
DA:123,9
DA:126,9
DA:127,9
DA:130,9
DA:131,9
DA:133,53
DA:135,53
DA:137,53
DA:140,53
DA:142,53
DA:144,53
DA:147,9
DA:149,9
DA:150,0
DA:151,0
DA:161,9
DA:164,0
DA:165,0
DA:166,0
DA:168,0
DA:170,0
DA:171,0
DA:173,0
DA:175,0
DA:176,0
DA:177,0
DA:181,0
DA:183,0
DA:184,0
DA:185,0
DA:189,9
DA:190,9
DA:192,9
DA:193,9
DA:199,9
DA:201,9
DA:203,9
DA:205,9
DA:206,0
DA:207,0
DA:212,9
DA:213,9
DA:216,9
DA:218,0
DA:219,0
DA:225,21
DA:227,21
DA:228,0
DA:229,0
DA:238,21
DA:239,21
DA:240,0
DA:241,0
DA:244,716
DA:246,695
DA:252,80
DA:253,80
DA:254,80
DA:255,80
DA:257,0
DA:262,21
DA:265,21
DA:268,9
DA:270,9
DA:271,0
DA:272,0
DA:283,9
DA:284,9
DA:287,9
DA:289,9
DA:292,318
DA:293,309
DA:299,44
DA:301,0
DA:304,44
DA:305,0
DA:306,0
DA:307,0
DA:308,0
DA:309,0
DA:311,0
DA:314,0
DA:318,44
DA:319,44
DA:323,23
DA:329,9
DA:332,9
DA:333,9
DA:334,0
DA:335,0
DA:338,0
DA:339,0
DA:343,9
DA:346,12
DA:348,12
DA:349,0
DA:350,0
DA:356,12
DA:357,12
DA:358,0
DA:359,0
DA:362,12
DA:363,0
DA:364,0
DA:369,21
DA:371,9
DA:374,12
DA:377,3
DA:378,3
DA:380,3
DA:381,3
DA:384,3
DA:385,3
DA:388,0
DA:395,3
DA:396,0
DA:397,0
DA:401,3
DA:402,3
DA:404,3
DA:407,3
DA:416,3
DA:417,0
DA:418,0
DA:422,3
DA:423,3
DA:424,3
DA:425,3
DA:426,3
DA:427,3
DA:428,3
DA:429,3
DA:430,3
DA:432,3
DA:434,3
DA:435,3
DA:436,3
DA:439,12
DA:442,12
DA:445,9
DA:446,9
DA:449,9
DA:452,9
DA:455,12
DA:459,12
DA:460,0
DA:461,0
DA:464,12
DA:465,12
DA:466,0
DA:467,0
DA:473,12
DA:477,12
DA:479,12
DA:482,12
DA:485,3
DA:487,3
DA:488,0
DA:489,0
DA:492,3
DA:495,3
DA:497,3
LF:189
LH:131
end_of_record
TN:
SF:/home/runner/work/covesa-dlt-daemon/covesa-dlt-daemon/src/shared/dlt_offline_trace.c
FN:69,88,dlt_offline_trace_write
FNDA:0,dlt_offline_trace_write
FNF:1
FNH:0
DA:69,0
DA:78,0
DA:80,0
DA:83,0
DA:84,0
DA:85,0
LF:6
LH:0
end_of_record
TN:
SF:/home/runner/work/covesa-dlt-daemon/covesa-dlt-daemon/src/shared/dlt_protocol.c
FN:71,82,dlt_get_service_name
FNDA:11,dlt_get_service_name
FNF:1
FNH:1
DA:71,11
DA:73,11
DA:75,11
DA:76,11
DA:78,11
DA:79,11
DA:81,0
LF:7
LH:6
end_of_record
TN:
SF:/home/runner/work/covesa-dlt-daemon/covesa-dlt-daemon/src/shared/dlt_user_shared.c
FN:107,127,dlt_user_log_out2
FN:129,149,dlt_user_log_out2_with_timeout
FN:151,201,dlt_user_log_out3
FN:203,223,dlt_user_log_out3_with_timeout
FN:79,94,dlt_user_set_userheader
FN:96,105,dlt_user_check_userheader
FNDA:432,dlt_user_log_out2
FNDA:51,dlt_user_log_out2_with_timeout
FNDA:6375,dlt_user_log_out3
FNDA:0,dlt_user_log_out3_with_timeout
FNDA:6809,dlt_user_set_userheader
FNDA:11827,dlt_user_check_userheader
FNF:6
FNH:5
DA:79,6809
DA:81,6809
DA:84,6809
DA:87,6809
DA:88,6809
DA:89,6809
DA:90,6809
DA:91,6809
DA:93,6809
DA:96,11827
DA:98,11827
DA:101,23654
DA:102,11827
DA:103,23654
DA:104,11827
DA:107,432
DA:112,432
DA:116,94
DA:117,94
DA:118,94
DA:119,94
DA:121,94
DA:123,94
DA:129,51
DA:131,51
DA:136,867
DA:137,51
DA:139,51
DA:140,51
DA:144,51
DA:145,51
DA:151,6375
DA:156,6375
DA:160,5855
DA:161,5855
DA:162,5855
DA:163,5855
DA:164,5855
DA:165,5855
DA:167,5855
DA:169,5855
DA:170,2
DA:186,0
DA:188,0
DA:203,0
DA:205,0
DA:210,0
DA:211,0
DA:213,0
DA:214,0
DA:218,0
DA:219,0
LF:52
LH:42
end_of_record
